[24-Sep-2018 19:13:55 UTC] PHP Warning:  imagepng(): Unable to open 'inc/charts/1537816435.6566.png' for writing: No such file or directory in /home/ubuntu/workspace/cst336/practice/p3/inc/charts.php on line 71
[24-Sep-2018 19:13:55 UTC] PHP Stack trace:
[24-Sep-2018 19:13:55 UTC] PHP   1. {main}() /home/ubuntu/workspace/cst336/practice/p3/reviews.php:0
[24-Sep-2018 19:13:55 UTC] PHP   2. movieReviews() /home/ubuntu/workspace/cst336/practice/p3/reviews.php:60
[24-Sep-2018 19:13:55 UTC] PHP   3. displayRatings() /home/ubuntu/workspace/cst336/practice/p3/reviews.php:25
[24-Sep-2018 19:13:55 UTC] PHP   4. bar_graph() /home/ubuntu/workspace/cst336/practice/p3/inc/charts.php:30
[24-Sep-2018 19:13:55 UTC] PHP   5. imagepng() /home/ubuntu/workspace/cst336/practice/p3/inc/charts.php:71
[24-Sep-2018 19:17:54 UTC] PHP Warning:  imagepng(): Unable to open 'inc/charts/1537816674.6605.png' for writing: No such file or directory in /home/ubuntu/workspace/cst336/practice/p3/inc/charts.php on line 71
[24-Sep-2018 19:17:54 UTC] PHP Stack trace:
[24-Sep-2018 19:17:54 UTC] PHP   1. {main}() /home/ubuntu/workspace/cst336/practice/p3/reviews.php:0
[24-Sep-2018 19:17:54 UTC] PHP   2. movieReviews() /home/ubuntu/workspace/cst336/practice/p3/reviews.php:61
[24-Sep-2018 19:17:54 UTC] PHP   3. displayRatings() /home/ubuntu/workspace/cst336/practice/p3/reviews.php:25
[24-Sep-2018 19:17:54 UTC] PHP   4. bar_graph() /home/ubuntu/workspace/cst336/practice/p3/inc/charts.php:30
[24-Sep-2018 19:17:54 UTC] PHP   5. imagepng() /home/ubuntu/workspace/cst336/practice/p3/inc/charts.php:71
[24-Sep-2018 19:17:54 UTC] PHP Warning:  imagepng(): Unable to open 'inc/charts/1537816674.6614.png' for writing: No such file or directory in /home/ubuntu/workspace/cst336/practice/p3/inc/charts.php on line 71
[24-Sep-2018 19:17:54 UTC] PHP Stack trace:
[24-Sep-2018 19:17:54 UTC] PHP   1. {main}() /home/ubuntu/workspace/cst336/practice/p3/reviews.php:0
[24-Sep-2018 19:17:54 UTC] PHP   2. movieReviews() /home/ubuntu/workspace/cst336/practice/p3/reviews.php:61
[24-Sep-2018 19:17:54 UTC] PHP   3. displayRatings() /home/ubuntu/workspace/cst336/practice/p3/reviews.php:25
[24-Sep-2018 19:17:54 UTC] PHP   4. bar_graph() /home/ubuntu/workspace/cst336/practice/p3/inc/charts.php:30
[24-Sep-2018 19:17:54 UTC] PHP   5. imagepng() /home/ubuntu/workspace/cst336/practice/p3/inc/charts.php:71
[24-Sep-2018 19:17:54 UTC] PHP Warning:  imagepng(): Unable to open 'inc/charts/1537816674.6619.png' for writing: No such file or directory in /home/ubuntu/workspace/cst336/practice/p3/inc/charts.php on line 71
[24-Sep-2018 19:17:54 UTC] PHP Stack trace:
[24-Sep-2018 19:17:54 UTC] PHP   1. {main}() /home/ubuntu/workspace/cst336/practice/p3/reviews.php:0
[24-Sep-2018 19:17:54 UTC] PHP   2. movieReviews() /home/ubuntu/workspace/cst336/practice/p3/reviews.php:61
[24-Sep-2018 19:17:54 UTC] PHP   3. displayRatings() /home/ubuntu/workspace/cst336/practice/p3/reviews.php:25
[24-Sep-2018 19:17:54 UTC] PHP   4. bar_graph() /home/ubuntu/workspace/cst336/practice/p3/inc/charts.php:30
[24-Sep-2018 19:17:54 UTC] PHP   5. imagepng() /home/ubuntu/workspace/cst336/practice/p3/inc/charts.php:71
[24-Sep-2018 19:17:54 UTC] PHP Warning:  imagepng(): Unable to open 'inc/charts/1537816674.6623.png' for writing: No such file or directory in /home/ubuntu/workspace/cst336/practice/p3/inc/charts.php on line 71
[24-Sep-2018 19:17:54 UTC] PHP Stack trace:
[24-Sep-2018 19:17:54 UTC] PHP   1. {main}() /home/ubuntu/workspace/cst336/practice/p3/reviews.php:0
[24-Sep-2018 19:17:54 UTC] PHP   2. movieReviews() /home/ubuntu/workspace/cst336/practice/p3/reviews.php:61
[24-Sep-2018 19:17:54 UTC] PHP   3. displayRatings() /home/ubuntu/workspace/cst336/practice/p3/reviews.php:25
[24-Sep-2018 19:17:54 UTC] PHP   4. bar_graph() /home/ubuntu/workspace/cst336/practice/p3/inc/charts.php:30
[24-Sep-2018 19:17:54 UTC] PHP   5. imagepng() /home/ubuntu/workspace/cst336/practice/p3/inc/charts.php:71
[24-Sep-2018 19:21:16 UTC] PHP Warning:  imagepng(): Unable to open 'inc/charts/1537816876.6218.png' for writing: No such file or directory in /home/ubuntu/workspace/cst336/practice/p3/inc/charts.php on line 71
[24-Sep-2018 19:21:16 UTC] PHP Stack trace:
[24-Sep-2018 19:21:16 UTC] PHP   1. {main}() /home/ubuntu/workspace/cst336/practice/p3/reviews.php:0
[24-Sep-2018 19:21:16 UTC] PHP   2. movieReviews() /home/ubuntu/workspace/cst336/practice/p3/reviews.php:60
[24-Sep-2018 19:21:16 UTC] PHP   3. displayRatings() /home/ubuntu/workspace/cst336/practice/p3/reviews.php:25
[24-Sep-2018 19:21:16 UTC] PHP   4. bar_graph() /home/ubuntu/workspace/cst336/practice/p3/inc/charts.php:30
[24-Sep-2018 19:21:16 UTC] PHP   5. imagepng() /home/ubuntu/workspace/cst336/practice/p3/inc/charts.php:71
[24-Sep-2018 19:21:16 UTC] PHP Warning:  imagepng(): Unable to open 'inc/charts/1537816876.6304.png' for writing: No such file or directory in /home/ubuntu/workspace/cst336/practice/p3/inc/charts.php on line 71
[24-Sep-2018 19:21:16 UTC] PHP Stack trace:
[24-Sep-2018 19:21:16 UTC] PHP   1. {main}() /home/ubuntu/workspace/cst336/practice/p3/reviews.php:0
[24-Sep-2018 19:21:16 UTC] PHP   2. movieReviews() /home/ubuntu/workspace/cst336/practice/p3/reviews.php:60
[24-Sep-2018 19:21:16 UTC] PHP   3. displayRatings() /home/ubuntu/workspace/cst336/practice/p3/reviews.php:25
[24-Sep-2018 19:21:16 UTC] PHP   4. bar_graph() /home/ubuntu/workspace/cst336/practice/p3/inc/charts.php:30
[24-Sep-2018 19:21:16 UTC] PHP   5. imagepng() /home/ubuntu/workspace/cst336/practice/p3/inc/charts.php:71
[24-Sep-2018 19:21:16 UTC] PHP Warning:  imagepng(): Unable to open 'inc/charts/1537816876.6308.png' for writing: No such file or directory in /home/ubuntu/workspace/cst336/practice/p3/inc/charts.php on line 71
[24-Sep-2018 19:21:16 UTC] PHP Stack trace:
[24-Sep-2018 19:21:16 UTC] PHP   1. {main}() /home/ubuntu/workspace/cst336/practice/p3/reviews.php:0
[24-Sep-2018 19:21:16 UTC] PHP   2. movieReviews() /home/ubuntu/workspace/cst336/practice/p3/reviews.php:60
[24-Sep-2018 19:21:16 UTC] PHP   3. displayRatings() /home/ubuntu/workspace/cst336/practice/p3/reviews.php:25
[24-Sep-2018 19:21:16 UTC] PHP   4. bar_graph() /home/ubuntu/workspace/cst336/practice/p3/inc/charts.php:30
[24-Sep-2018 19:21:16 UTC] PHP   5. imagepng() /home/ubuntu/workspace/cst336/practice/p3/inc/charts.php:71
[24-Sep-2018 19:21:16 UTC] PHP Warning:  imagepng(): Unable to open 'inc/charts/1537816876.6311.png' for writing: No such file or directory in /home/ubuntu/workspace/cst336/practice/p3/inc/charts.php on line 71
[24-Sep-2018 19:21:16 UTC] PHP Stack trace:
[24-Sep-2018 19:21:16 UTC] PHP   1. {main}() /home/ubuntu/workspace/cst336/practice/p3/reviews.php:0
[24-Sep-2018 19:21:16 UTC] PHP   2. movieReviews() /home/ubuntu/workspace/cst336/practice/p3/reviews.php:60
[24-Sep-2018 19:21:16 UTC] PHP   3. displayRatings() /home/ubuntu/workspace/cst336/practice/p3/reviews.php:25
[24-Sep-2018 19:21:16 UTC] PHP   4. bar_graph() /home/ubuntu/workspace/cst336/practice/p3/inc/charts.php:30
[24-Sep-2018 19:21:16 UTC] PHP   5. imagepng() /home/ubuntu/workspace/cst336/practice/p3/inc/charts.php:71
[24-Sep-2018 19:21:17 UTC] PHP Warning:  imagepng(): Unable to open 'inc/charts/1537816877.9323.png' for writing: No such file or directory in /home/ubuntu/workspace/cst336/practice/p3/inc/charts.php on line 71
[24-Sep-2018 19:21:17 UTC] PHP Stack trace:
[24-Sep-2018 19:21:17 UTC] PHP   1. {main}() /home/ubuntu/workspace/cst336/practice/p3/reviews.php:0
[24-Sep-2018 19:21:17 UTC] PHP   2. movieReviews() /home/ubuntu/workspace/cst336/practice/p3/reviews.php:60
[24-Sep-2018 19:21:17 UTC] PHP   3. displayRatings() /home/ubuntu/workspace/cst336/practice/p3/reviews.php:25
[24-Sep-2018 19:21:17 UTC] PHP   4. bar_graph() /home/ubuntu/workspace/cst336/practice/p3/inc/charts.php:30
[24-Sep-2018 19:21:17 UTC] PHP   5. imagepng() /home/ubuntu/workspace/cst336/practice/p3/inc/charts.php:71
[24-Sep-2018 19:21:17 UTC] PHP Warning:  imagepng(): Unable to open 'inc/charts/1537816877.9329.png' for writing: No such file or directory in /home/ubuntu/workspace/cst336/practice/p3/inc/charts.php on line 71
[24-Sep-2018 19:21:17 UTC] PHP Stack trace:
[24-Sep-2018 19:21:17 UTC] PHP   1. {main}() /home/ubuntu/workspace/cst336/practice/p3/reviews.php:0
[24-Sep-2018 19:21:17 UTC] PHP   2. movieReviews() /home/ubuntu/workspace/cst336/practice/p3/reviews.php:60
[24-Sep-2018 19:21:17 UTC] PHP   3. displayRatings() /home/ubuntu/workspace/cst336/practice/p3/reviews.php:25
[24-Sep-2018 19:21:17 UTC] PHP   4. bar_graph() /home/ubuntu/workspace/cst336/practice/p3/inc/charts.php:30
[24-Sep-2018 19:21:17 UTC] PHP   5. imagepng() /home/ubuntu/workspace/cst336/practice/p3/inc/charts.php:71
[24-Sep-2018 19:21:17 UTC] PHP Warning:  imagepng(): Unable to open 'inc/charts/1537816877.9332.png' for writing: No such file or directory in /home/ubuntu/workspace/cst336/practice/p3/inc/charts.php on line 71
[24-Sep-2018 19:21:17 UTC] PHP Stack trace:
[24-Sep-2018 19:21:17 UTC] PHP   1. {main}() /home/ubuntu/workspace/cst336/practice/p3/reviews.php:0
[24-Sep-2018 19:21:17 UTC] PHP   2. movieReviews() /home/ubuntu/workspace/cst336/practice/p3/reviews.php:60
[24-Sep-2018 19:21:17 UTC] PHP   3. displayRatings() /home/ubuntu/workspace/cst336/practice/p3/reviews.php:25
[24-Sep-2018 19:21:17 UTC] PHP   4. bar_graph() /home/ubuntu/workspace/cst336/practice/p3/inc/charts.php:30
[24-Sep-2018 19:21:17 UTC] PHP   5. imagepng() /home/ubuntu/workspace/cst336/practice/p3/inc/charts.php:71
[24-Sep-2018 19:21:17 UTC] PHP Warning:  imagepng(): Unable to open 'inc/charts/1537816877.9334.png' for writing: No such file or directory in /home/ubuntu/workspace/cst336/practice/p3/inc/charts.php on line 71
[24-Sep-2018 19:21:17 UTC] PHP Stack trace:
[24-Sep-2018 19:21:17 UTC] PHP   1. {main}() /home/ubuntu/workspace/cst336/practice/p3/reviews.php:0
[24-Sep-2018 19:21:17 UTC] PHP   2. movieReviews() /home/ubuntu/workspace/cst336/practice/p3/reviews.php:60
[24-Sep-2018 19:21:17 UTC] PHP   3. displayRatings() /home/ubuntu/workspace/cst336/practice/p3/reviews.php:25
[24-Sep-2018 19:21:17 UTC] PHP   4. bar_graph() /home/ubuntu/workspace/cst336/practice/p3/inc/charts.php:30
[24-Sep-2018 19:21:17 UTC] PHP   5. imagepng() /home/ubuntu/workspace/cst336/practice/p3/inc/charts.php:71
[24-Sep-2018 19:21:18 UTC] PHP Warning:  imagepng(): Unable to open 'inc/charts/1537816878.6889.png' for writing: No such file or directory in /home/ubuntu/workspace/cst336/practice/p3/inc/charts.php on line 71
[24-Sep-2018 19:21:18 UTC] PHP Stack trace:
[24-Sep-2018 19:21:18 UTC] PHP   1. {main}() /home/ubuntu/workspace/cst336/practice/p3/reviews.php:0
[24-Sep-2018 19:21:18 UTC] PHP   2. movieReviews() /home/ubuntu/workspace/cst336/practice/p3/reviews.php:60
[24-Sep-2018 19:21:18 UTC] PHP   3. displayRatings() /home/ubuntu/workspace/cst336/practice/p3/reviews.php:25
[24-Sep-2018 19:21:18 UTC] PHP   4. bar_graph() /home/ubuntu/workspace/cst336/practice/p3/inc/charts.php:30
[24-Sep-2018 19:21:18 UTC] PHP   5. imagepng() /home/ubuntu/workspace/cst336/practice/p3/inc/charts.php:71
[24-Sep-2018 19:21:18 UTC] PHP Warning:  imagepng(): Unable to open 'inc/charts/1537816878.696.png' for writing: No such file or directory in /home/ubuntu/workspace/cst336/practice/p3/inc/charts.php on line 71
[24-Sep-2018 19:21:18 UTC] PHP Stack trace:
[24-Sep-2018 19:21:18 UTC] PHP   1. {main}() /home/ubuntu/workspace/cst336/practice/p3/reviews.php:0
[24-Sep-2018 19:21:18 UTC] PHP   2. movieReviews() /home/ubuntu/workspace/cst336/practice/p3/reviews.php:60
[24-Sep-2018 19:21:18 UTC] PHP   3. displayRatings() /home/ubuntu/workspace/cst336/practice/p3/reviews.php:25
[24-Sep-2018 19:21:18 UTC] PHP   4. bar_graph() /home/ubuntu/workspace/cst336/practice/p3/inc/charts.php:30
[24-Sep-2018 19:21:18 UTC] PHP   5. imagepng() /home/ubuntu/workspace/cst336/practice/p3/inc/charts.php:71
[24-Sep-2018 19:21:18 UTC] PHP Warning:  imagepng(): Unable to open 'inc/charts/1537816878.6963.png' for writing: No such file or directory in /home/ubuntu/workspace/cst336/practice/p3/inc/charts.php on line 71
[24-Sep-2018 19:21:18 UTC] PHP Stack trace:
[24-Sep-2018 19:21:18 UTC] PHP   1. {main}() /home/ubuntu/workspace/cst336/practice/p3/reviews.php:0
[24-Sep-2018 19:21:18 UTC] PHP   2. movieReviews() /home/ubuntu/workspace/cst336/practice/p3/reviews.php:60
[24-Sep-2018 19:21:18 UTC] PHP   3. displayRatings() /home/ubuntu/workspace/cst336/practice/p3/reviews.php:25
[24-Sep-2018 19:21:18 UTC] PHP   4. bar_graph() /home/ubuntu/workspace/cst336/practice/p3/inc/charts.php:30
[24-Sep-2018 19:21:18 UTC] PHP   5. imagepng() /home/ubuntu/workspace/cst336/practice/p3/inc/charts.php:71
[24-Sep-2018 19:21:18 UTC] PHP Warning:  imagepng(): Unable to open 'inc/charts/1537816878.6966.png' for writing: No such file or directory in /home/ubuntu/workspace/cst336/practice/p3/inc/charts.php on line 71
[24-Sep-2018 19:21:18 UTC] PHP Stack trace:
[24-Sep-2018 19:21:18 UTC] PHP   1. {main}() /home/ubuntu/workspace/cst336/practice/p3/reviews.php:0
[24-Sep-2018 19:21:18 UTC] PHP   2. movieReviews() /home/ubuntu/workspace/cst336/practice/p3/reviews.php:60
[24-Sep-2018 19:21:18 UTC] PHP   3. displayRatings() /home/ubuntu/workspace/cst336/practice/p3/reviews.php:25
[24-Sep-2018 19:21:18 UTC] PHP   4. bar_graph() /home/ubuntu/workspace/cst336/practice/p3/inc/charts.php:30
[24-Sep-2018 19:21:18 UTC] PHP   5. imagepng() /home/ubuntu/workspace/cst336/practice/p3/inc/charts.php:71
[24-Sep-2018 19:21:18 UTC] PHP Warning:  imagepng(): Unable to open 'inc/charts/1537816878.9205.png' for writing: No such file or directory in /home/ubuntu/workspace/cst336/practice/p3/inc/charts.php on line 71
[24-Sep-2018 19:21:18 UTC] PHP Stack trace:
[24-Sep-2018 19:21:18 UTC] PHP   1. {main}() /home/ubuntu/workspace/cst336/practice/p3/reviews.php:0
[24-Sep-2018 19:21:18 UTC] PHP   2. movieReviews() /home/ubuntu/workspace/cst336/practice/p3/reviews.php:60
[24-Sep-2018 19:21:18 UTC] PHP   3. displayRatings() /home/ubuntu/workspace/cst336/practice/p3/reviews.php:25
[24-Sep-2018 19:21:18 UTC] PHP   4. bar_graph() /home/ubuntu/workspace/cst336/practice/p3/inc/charts.php:30
[24-Sep-2018 19:21:18 UTC] PHP   5. imagepng() /home/ubuntu/workspace/cst336/practice/p3/inc/charts.php:71
[24-Sep-2018 19:21:18 UTC] PHP Warning:  imagepng(): Unable to open 'inc/charts/1537816878.921.png' for writing: No such file or directory in /home/ubuntu/workspace/cst336/practice/p3/inc/charts.php on line 71
[24-Sep-2018 19:21:18 UTC] PHP Stack trace:
[24-Sep-2018 19:21:18 UTC] PHP   1. {main}() /home/ubuntu/workspace/cst336/practice/p3/reviews.php:0
[24-Sep-2018 19:21:18 UTC] PHP   2. movieReviews() /home/ubuntu/workspace/cst336/practice/p3/reviews.php:60
[24-Sep-2018 19:21:18 UTC] PHP   3. displayRatings() /home/ubuntu/workspace/cst336/practice/p3/reviews.php:25
[24-Sep-2018 19:21:18 UTC] PHP   4. bar_graph() /home/ubuntu/workspace/cst336/practice/p3/inc/charts.php:30
[24-Sep-2018 19:21:18 UTC] PHP   5. imagepng() /home/ubuntu/workspace/cst336/practice/p3/inc/charts.php:71
[24-Sep-2018 19:21:18 UTC] PHP Warning:  imagepng(): Unable to open 'inc/charts/1537816878.9213.png' for writing: No such file or directory in /home/ubuntu/workspace/cst336/practice/p3/inc/charts.php on line 71
[24-Sep-2018 19:21:18 UTC] PHP Stack trace:
[24-Sep-2018 19:21:18 UTC] PHP   1. {main}() /home/ubuntu/workspace/cst336/practice/p3/reviews.php:0
[24-Sep-2018 19:21:18 UTC] PHP   2. movieReviews() /home/ubuntu/workspace/cst336/practice/p3/reviews.php:60
[24-Sep-2018 19:21:18 UTC] PHP   3. displayRatings() /home/ubuntu/workspace/cst336/practice/p3/reviews.php:25
[24-Sep-2018 19:21:18 UTC] PHP   4. bar_graph() /home/ubuntu/workspace/cst336/practice/p3/inc/charts.php:30
[24-Sep-2018 19:21:18 UTC] PHP   5. imagepng() /home/ubuntu/workspace/cst336/practice/p3/inc/charts.php:71
[24-Sep-2018 19:21:18 UTC] PHP Warning:  imagepng(): Unable to open 'inc/charts/1537816878.9215.png' for writing: No such file or directory in /home/ubuntu/workspace/cst336/practice/p3/inc/charts.php on line 71
[24-Sep-2018 19:21:18 UTC] PHP Stack trace:
[24-Sep-2018 19:21:18 UTC] PHP   1. {main}() /home/ubuntu/workspace/cst336/practice/p3/reviews.php:0
[24-Sep-2018 19:21:18 UTC] PHP   2. movieReviews() /home/ubuntu/workspace/cst336/practice/p3/reviews.php:60
[24-Sep-2018 19:21:18 UTC] PHP   3. displayRatings() /home/ubuntu/workspace/cst336/practice/p3/reviews.php:25
[24-Sep-2018 19:21:18 UTC] PHP   4. bar_graph() /home/ubuntu/workspace/cst336/practice/p3/inc/charts.php:30
[24-Sep-2018 19:21:18 UTC] PHP   5. imagepng() /home/ubuntu/workspace/cst336/practice/p3/inc/charts.php:71
[24-Sep-2018 19:21:19 UTC] PHP Warning:  imagepng(): Unable to open 'inc/charts/1537816879.2088.png' for writing: No such file or directory in /home/ubuntu/workspace/cst336/practice/p3/inc/charts.php on line 71
[24-Sep-2018 19:21:19 UTC] PHP Stack trace:
[24-Sep-2018 19:21:19 UTC] PHP   1. {main}() /home/ubuntu/workspace/cst336/practice/p3/reviews.php:0
[24-Sep-2018 19:21:19 UTC] PHP   2. movieReviews() /home/ubuntu/workspace/cst336/practice/p3/reviews.php:60
[24-Sep-2018 19:21:19 UTC] PHP   3. displayRatings() /home/ubuntu/workspace/cst336/practice/p3/reviews.php:25
[24-Sep-2018 19:21:19 UTC] PHP   4. bar_graph() /home/ubuntu/workspace/cst336/practice/p3/inc/charts.php:30
[24-Sep-2018 19:21:19 UTC] PHP   5. imagepng() /home/ubuntu/workspace/cst336/practice/p3/inc/charts.php:71
[24-Sep-2018 19:21:19 UTC] PHP Warning:  imagepng(): Unable to open 'inc/charts/1537816879.2159.png' for writing: No such file or directory in /home/ubuntu/workspace/cst336/practice/p3/inc/charts.php on line 71
[24-Sep-2018 19:21:19 UTC] PHP Stack trace:
[24-Sep-2018 19:21:19 UTC] PHP   1. {main}() /home/ubuntu/workspace/cst336/practice/p3/reviews.php:0
[24-Sep-2018 19:21:19 UTC] PHP   2. movieReviews() /home/ubuntu/workspace/cst336/practice/p3/reviews.php:60
[24-Sep-2018 19:21:19 UTC] PHP   3. displayRatings() /home/ubuntu/workspace/cst336/practice/p3/reviews.php:25
[24-Sep-2018 19:21:19 UTC] PHP   4. bar_graph() /home/ubuntu/workspace/cst336/practice/p3/inc/charts.php:30
[24-Sep-2018 19:21:19 UTC] PHP   5. imagepng() /home/ubuntu/workspace/cst336/practice/p3/inc/charts.php:71
[24-Sep-2018 19:21:19 UTC] PHP Warning:  imagepng(): Unable to open 'inc/charts/1537816879.2162.png' for writing: No such file or directory in /home/ubuntu/workspace/cst336/practice/p3/inc/charts.php on line 71
[24-Sep-2018 19:21:19 UTC] PHP Stack trace:
[24-Sep-2018 19:21:19 UTC] PHP   1. {main}() /home/ubuntu/workspace/cst336/practice/p3/reviews.php:0
[24-Sep-2018 19:21:19 UTC] PHP   2. movieReviews() /home/ubuntu/workspace/cst336/practice/p3/reviews.php:60
[24-Sep-2018 19:21:19 UTC] PHP   3. displayRatings() /home/ubuntu/workspace/cst336/practice/p3/reviews.php:25
[24-Sep-2018 19:21:19 UTC] PHP   4. bar_graph() /home/ubuntu/workspace/cst336/practice/p3/inc/charts.php:30
[24-Sep-2018 19:21:19 UTC] PHP   5. imagepng() /home/ubuntu/workspace/cst336/practice/p3/inc/charts.php:71
[24-Sep-2018 19:21:19 UTC] PHP Warning:  imagepng(): Unable to open 'inc/charts/1537816879.2165.png' for writing: No such file or directory in /home/ubuntu/workspace/cst336/practice/p3/inc/charts.php on line 71
[24-Sep-2018 19:21:19 UTC] PHP Stack trace:
[24-Sep-2018 19:21:19 UTC] PHP   1. {main}() /home/ubuntu/workspace/cst336/practice/p3/reviews.php:0
[24-Sep-2018 19:21:19 UTC] PHP   2. movieReviews() /home/ubuntu/workspace/cst336/practice/p3/reviews.php:60
[24-Sep-2018 19:21:19 UTC] PHP   3. displayRatings() /home/ubuntu/workspace/cst336/practice/p3/reviews.php:25
[24-Sep-2018 19:21:19 UTC] PHP   4. bar_graph() /home/ubuntu/workspace/cst336/practice/p3/inc/charts.php:30
[24-Sep-2018 19:21:19 UTC] PHP   5. imagepng() /home/ubuntu/workspace/cst336/practice/p3/inc/charts.php:71
[24-Sep-2018 19:21:19 UTC] PHP Warning:  imagepng(): Unable to open 'inc/charts/1537816879.356.png' for writing: No such file or directory in /home/ubuntu/workspace/cst336/practice/p3/inc/charts.php on line 71
[24-Sep-2018 19:21:19 UTC] PHP Stack trace:
[24-Sep-2018 19:21:19 UTC] PHP   1. {main}() /home/ubuntu/workspace/cst336/practice/p3/reviews.php:0
[24-Sep-2018 19:21:19 UTC] PHP   2. movieReviews() /home/ubuntu/workspace/cst336/practice/p3/reviews.php:60
[24-Sep-2018 19:21:19 UTC] PHP   3. displayRatings() /home/ubuntu/workspace/cst336/practice/p3/reviews.php:25
[24-Sep-2018 19:21:19 UTC] PHP   4. bar_graph() /home/ubuntu/workspace/cst336/practice/p3/inc/charts.php:30
[24-Sep-2018 19:21:19 UTC] PHP   5. imagepng() /home/ubuntu/workspace/cst336/practice/p3/inc/charts.php:71
[24-Sep-2018 19:21:19 UTC] PHP Warning:  imagepng(): Unable to open 'inc/charts/1537816879.3565.png' for writing: No such file or directory in /home/ubuntu/workspace/cst336/practice/p3/inc/charts.php on line 71
[24-Sep-2018 19:21:19 UTC] PHP Stack trace:
[24-Sep-2018 19:21:19 UTC] PHP   1. {main}() /home/ubuntu/workspace/cst336/practice/p3/reviews.php:0
[24-Sep-2018 19:21:19 UTC] PHP   2. movieReviews() /home/ubuntu/workspace/cst336/practice/p3/reviews.php:60
[24-Sep-2018 19:21:19 UTC] PHP   3. displayRatings() /home/ubuntu/workspace/cst336/practice/p3/reviews.php:25
[24-Sep-2018 19:21:19 UTC] PHP   4. bar_graph() /home/ubuntu/workspace/cst336/practice/p3/inc/charts.php:30
[24-Sep-2018 19:21:19 UTC] PHP   5. imagepng() /home/ubuntu/workspace/cst336/practice/p3/inc/charts.php:71
[24-Sep-2018 19:21:19 UTC] PHP Warning:  imagepng(): Unable to open 'inc/charts/1537816879.3569.png' for writing: No such file or directory in /home/ubuntu/workspace/cst336/practice/p3/inc/charts.php on line 71
[24-Sep-2018 19:21:19 UTC] PHP Stack trace:
[24-Sep-2018 19:21:19 UTC] PHP   1. {main}() /home/ubuntu/workspace/cst336/practice/p3/reviews.php:0
[24-Sep-2018 19:21:19 UTC] PHP   2. movieReviews() /home/ubuntu/workspace/cst336/practice/p3/reviews.php:60
[24-Sep-2018 19:21:19 UTC] PHP   3. displayRatings() /home/ubuntu/workspace/cst336/practice/p3/reviews.php:25
[24-Sep-2018 19:21:19 UTC] PHP   4. bar_graph() /home/ubuntu/workspace/cst336/practice/p3/inc/charts.php:30
[24-Sep-2018 19:21:19 UTC] PHP   5. imagepng() /home/ubuntu/workspace/cst336/practice/p3/inc/charts.php:71
[24-Sep-2018 19:21:19 UTC] PHP Warning:  imagepng(): Unable to open 'inc/charts/1537816879.3572.png' for writing: No such file or directory in /home/ubuntu/workspace/cst336/practice/p3/inc/charts.php on line 71
[24-Sep-2018 19:21:19 UTC] PHP Stack trace:
[24-Sep-2018 19:21:19 UTC] PHP   1. {main}() /home/ubuntu/workspace/cst336/practice/p3/reviews.php:0
[24-Sep-2018 19:21:19 UTC] PHP   2. movieReviews() /home/ubuntu/workspace/cst336/practice/p3/reviews.php:60
[24-Sep-2018 19:21:19 UTC] PHP   3. displayRatings() /home/ubuntu/workspace/cst336/practice/p3/reviews.php:25
[24-Sep-2018 19:21:19 UTC] PHP   4. bar_graph() /home/ubuntu/workspace/cst336/practice/p3/inc/charts.php:30
[24-Sep-2018 19:21:19 UTC] PHP   5. imagepng() /home/ubuntu/workspace/cst336/practice/p3/inc/charts.php:71
[24-Sep-2018 19:23:32 UTC] PHP Fatal error:  Unsupported operand types in /home/ubuntu/workspace/cst336/practice/p3/reviews.php on line 9
[24-Sep-2018 19:23:32 UTC] PHP Stack trace:
[24-Sep-2018 19:23:32 UTC] PHP   1. {main}() /home/ubuntu/workspace/cst336/practice/p3/reviews.php:0
[24-Sep-2018 19:23:32 UTC] PHP   2. movieReviews() /home/ubuntu/workspace/cst336/practice/p3/reviews.php:60
[24-Sep-2018 19:23:46 UTC] PHP Warning:  imagepng(): Unable to open 'inc/charts/1537817026.6473.png' for writing: No such file or directory in /home/ubuntu/workspace/cst336/practice/p3/inc/charts.php on line 71
[24-Sep-2018 19:23:46 UTC] PHP Stack trace:
[24-Sep-2018 19:23:46 UTC] PHP   1. {main}() /home/ubuntu/workspace/cst336/practice/p3/reviews.php:0
[24-Sep-2018 19:23:46 UTC] PHP   2. movieReviews() /home/ubuntu/workspace/cst336/practice/p3/reviews.php:60
[24-Sep-2018 19:23:46 UTC] PHP   3. displayRatings() /home/ubuntu/workspace/cst336/practice/p3/reviews.php:25
[24-Sep-2018 19:23:46 UTC] PHP   4. bar_graph() /home/ubuntu/workspace/cst336/practice/p3/inc/charts.php:30
[24-Sep-2018 19:23:46 UTC] PHP   5. imagepng() /home/ubuntu/workspace/cst336/practice/p3/inc/charts.php:71
[24-Sep-2018 19:23:46 UTC] PHP Warning:  imagepng(): Unable to open 'inc/charts/1537817026.6478.png' for writing: No such file or directory in /home/ubuntu/workspace/cst336/practice/p3/inc/charts.php on line 71
[24-Sep-2018 19:23:46 UTC] PHP Stack trace:
[24-Sep-2018 19:23:46 UTC] PHP   1. {main}() /home/ubuntu/workspace/cst336/practice/p3/reviews.php:0
[24-Sep-2018 19:23:46 UTC] PHP   2. movieReviews() /home/ubuntu/workspace/cst336/practice/p3/reviews.php:60
[24-Sep-2018 19:23:46 UTC] PHP   3. displayRatings() /home/ubuntu/workspace/cst336/practice/p3/reviews.php:25
[24-Sep-2018 19:23:46 UTC] PHP   4. bar_graph() /home/ubuntu/workspace/cst336/practice/p3/inc/charts.php:30
[24-Sep-2018 19:23:46 UTC] PHP   5. imagepng() /home/ubuntu/workspace/cst336/practice/p3/inc/charts.php:71
[24-Sep-2018 19:23:46 UTC] PHP Warning:  imagepng(): Unable to open 'inc/charts/1537817026.6481.png' for writing: No such file or directory in /home/ubuntu/workspace/cst336/practice/p3/inc/charts.php on line 71
[24-Sep-2018 19:23:46 UTC] PHP Stack trace:
[24-Sep-2018 19:23:46 UTC] PHP   1. {main}() /home/ubuntu/workspace/cst336/practice/p3/reviews.php:0
[24-Sep-2018 19:23:46 UTC] PHP   2. movieReviews() /home/ubuntu/workspace/cst336/practice/p3/reviews.php:60
[24-Sep-2018 19:23:46 UTC] PHP   3. displayRatings() /home/ubuntu/workspace/cst336/practice/p3/reviews.php:25
[24-Sep-2018 19:23:46 UTC] PHP   4. bar_graph() /home/ubuntu/workspace/cst336/practice/p3/inc/charts.php:30
[24-Sep-2018 19:23:46 UTC] PHP   5. imagepng() /home/ubuntu/workspace/cst336/practice/p3/inc/charts.php:71
[24-Sep-2018 19:23:46 UTC] PHP Warning:  imagepng(): Unable to open 'inc/charts/1537817026.6484.png' for writing: No such file or directory in /home/ubuntu/workspace/cst336/practice/p3/inc/charts.php on line 71
[24-Sep-2018 19:23:46 UTC] PHP Stack trace:
[24-Sep-2018 19:23:46 UTC] PHP   1. {main}() /home/ubuntu/workspace/cst336/practice/p3/reviews.php:0
[24-Sep-2018 19:23:46 UTC] PHP   2. movieReviews() /home/ubuntu/workspace/cst336/practice/p3/reviews.php:60
[24-Sep-2018 19:23:46 UTC] PHP   3. displayRatings() /home/ubuntu/workspace/cst336/practice/p3/reviews.php:25
[24-Sep-2018 19:23:46 UTC] PHP   4. bar_graph() /home/ubuntu/workspace/cst336/practice/p3/inc/charts.php:30
[24-Sep-2018 19:23:46 UTC] PHP   5. imagepng() /home/ubuntu/workspace/cst336/practice/p3/inc/charts.php:71
[24-Sep-2018 19:23:56 UTC] PHP Fatal error:  Unsupported operand types in /home/ubuntu/workspace/cst336/practice/p3/reviews.php on line 10
[24-Sep-2018 19:23:56 UTC] PHP Stack trace:
[24-Sep-2018 19:23:56 UTC] PHP   1. {main}() /home/ubuntu/workspace/cst336/practice/p3/reviews.php:0
[24-Sep-2018 19:23:56 UTC] PHP   2. movieReviews() /home/ubuntu/workspace/cst336/practice/p3/reviews.php:61
[24-Sep-2018 19:23:57 UTC] PHP Fatal error:  Unsupported operand types in /home/ubuntu/workspace/cst336/practice/p3/reviews.php on line 10
[24-Sep-2018 19:23:57 UTC] PHP Stack trace:
[24-Sep-2018 19:23:57 UTC] PHP   1. {main}() /home/ubuntu/workspace/cst336/practice/p3/reviews.php:0
[24-Sep-2018 19:23:57 UTC] PHP   2. movieReviews() /home/ubuntu/workspace/cst336/practice/p3/reviews.php:61
[24-Sep-2018 19:24:58 UTC] PHP Warning:  imagepng(): Unable to open 'inc/charts/1537817098.591.png' for writing: No such file or directory in /home/ubuntu/workspace/cst336/practice/p3/inc/charts.php on line 71
[24-Sep-2018 19:24:58 UTC] PHP Stack trace:
[24-Sep-2018 19:24:58 UTC] PHP   1. {main}() /home/ubuntu/workspace/cst336/practice/p3/reviews.php:0
[24-Sep-2018 19:24:58 UTC] PHP   2. movieReviews() /home/ubuntu/workspace/cst336/practice/p3/reviews.php:67
[24-Sep-2018 19:24:58 UTC] PHP   3. displayRatings() /home/ubuntu/workspace/cst336/practice/p3/reviews.php:32
[24-Sep-2018 19:24:58 UTC] PHP   4. bar_graph() /home/ubuntu/workspace/cst336/practice/p3/inc/charts.php:30
[24-Sep-2018 19:24:58 UTC] PHP   5. imagepng() /home/ubuntu/workspace/cst336/practice/p3/inc/charts.php:71
[24-Sep-2018 19:24:58 UTC] PHP Warning:  imagepng(): Unable to open 'inc/charts/1537817098.5915.png' for writing: No such file or directory in /home/ubuntu/workspace/cst336/practice/p3/inc/charts.php on line 71
[24-Sep-2018 19:24:58 UTC] PHP Stack trace:
[24-Sep-2018 19:24:58 UTC] PHP   1. {main}() /home/ubuntu/workspace/cst336/practice/p3/reviews.php:0
[24-Sep-2018 19:24:58 UTC] PHP   2. movieReviews() /home/ubuntu/workspace/cst336/practice/p3/reviews.php:67
[24-Sep-2018 19:24:58 UTC] PHP   3. displayRatings() /home/ubuntu/workspace/cst336/practice/p3/reviews.php:32
[24-Sep-2018 19:24:58 UTC] PHP   4. bar_graph() /home/ubuntu/workspace/cst336/practice/p3/inc/charts.php:30
[24-Sep-2018 19:24:58 UTC] PHP   5. imagepng() /home/ubuntu/workspace/cst336/practice/p3/inc/charts.php:71
[24-Sep-2018 19:24:58 UTC] PHP Warning:  imagepng(): Unable to open 'inc/charts/1537817098.5918.png' for writing: No such file or directory in /home/ubuntu/workspace/cst336/practice/p3/inc/charts.php on line 71
[24-Sep-2018 19:24:58 UTC] PHP Stack trace:
[24-Sep-2018 19:24:58 UTC] PHP   1. {main}() /home/ubuntu/workspace/cst336/practice/p3/reviews.php:0
[24-Sep-2018 19:24:58 UTC] PHP   2. movieReviews() /home/ubuntu/workspace/cst336/practice/p3/reviews.php:67
[24-Sep-2018 19:24:58 UTC] PHP   3. displayRatings() /home/ubuntu/workspace/cst336/practice/p3/reviews.php:32
[24-Sep-2018 19:24:58 UTC] PHP   4. bar_graph() /home/ubuntu/workspace/cst336/practice/p3/inc/charts.php:30
[24-Sep-2018 19:24:58 UTC] PHP   5. imagepng() /home/ubuntu/workspace/cst336/practice/p3/inc/charts.php:71
[24-Sep-2018 19:24:58 UTC] PHP Warning:  imagepng(): Unable to open 'inc/charts/1537817098.5921.png' for writing: No such file or directory in /home/ubuntu/workspace/cst336/practice/p3/inc/charts.php on line 71
[24-Sep-2018 19:24:58 UTC] PHP Stack trace:
[24-Sep-2018 19:24:58 UTC] PHP   1. {main}() /home/ubuntu/workspace/cst336/practice/p3/reviews.php:0
[24-Sep-2018 19:24:58 UTC] PHP   2. movieReviews() /home/ubuntu/workspace/cst336/practice/p3/reviews.php:67
[24-Sep-2018 19:24:58 UTC] PHP   3. displayRatings() /home/ubuntu/workspace/cst336/practice/p3/reviews.php:32
[24-Sep-2018 19:24:58 UTC] PHP   4. bar_graph() /home/ubuntu/workspace/cst336/practice/p3/inc/charts.php:30
[24-Sep-2018 19:24:58 UTC] PHP   5. imagepng() /home/ubuntu/workspace/cst336/practice/p3/inc/charts.php:71
[24-Sep-2018 19:25:23 UTC] PHP Warning:  imagepng(): Unable to open 'inc/charts/1537817123.1177.png' for writing: No such file or directory in /home/ubuntu/workspace/cst336/practice/p3/inc/charts.php on line 71
[24-Sep-2018 19:25:23 UTC] PHP Stack trace:
[24-Sep-2018 19:25:23 UTC] PHP   1. {main}() /home/ubuntu/workspace/cst336/practice/p3/reviews.php:0
[24-Sep-2018 19:25:23 UTC] PHP   2. movieReviews() /home/ubuntu/workspace/cst336/practice/p3/reviews.php:67
[24-Sep-2018 19:25:23 UTC] PHP   3. displayRatings() /home/ubuntu/workspace/cst336/practice/p3/reviews.php:32
[24-Sep-2018 19:25:23 UTC] PHP   4. bar_graph() /home/ubuntu/workspace/cst336/practice/p3/inc/charts.php:30
[24-Sep-2018 19:25:23 UTC] PHP   5. imagepng() /home/ubuntu/workspace/cst336/practice/p3/inc/charts.php:71
[24-Sep-2018 19:25:23 UTC] PHP Warning:  imagepng(): Unable to open 'inc/charts/1537817123.1255.png' for writing: No such file or directory in /home/ubuntu/workspace/cst336/practice/p3/inc/charts.php on line 71
[24-Sep-2018 19:25:23 UTC] PHP Stack trace:
[24-Sep-2018 19:25:23 UTC] PHP   1. {main}() /home/ubuntu/workspace/cst336/practice/p3/reviews.php:0
[24-Sep-2018 19:25:23 UTC] PHP   2. movieReviews() /home/ubuntu/workspace/cst336/practice/p3/reviews.php:67
[24-Sep-2018 19:25:23 UTC] PHP   3. displayRatings() /home/ubuntu/workspace/cst336/practice/p3/reviews.php:32
[24-Sep-2018 19:25:23 UTC] PHP   4. bar_graph() /home/ubuntu/workspace/cst336/practice/p3/inc/charts.php:30
[24-Sep-2018 19:25:23 UTC] PHP   5. imagepng() /home/ubuntu/workspace/cst336/practice/p3/inc/charts.php:71
[24-Sep-2018 19:25:23 UTC] PHP Warning:  imagepng(): Unable to open 'inc/charts/1537817123.1258.png' for writing: No such file or directory in /home/ubuntu/workspace/cst336/practice/p3/inc/charts.php on line 71
[24-Sep-2018 19:25:23 UTC] PHP Stack trace:
[24-Sep-2018 19:25:23 UTC] PHP   1. {main}() /home/ubuntu/workspace/cst336/practice/p3/reviews.php:0
[24-Sep-2018 19:25:23 UTC] PHP   2. movieReviews() /home/ubuntu/workspace/cst336/practice/p3/reviews.php:67
[24-Sep-2018 19:25:23 UTC] PHP   3. displayRatings() /home/ubuntu/workspace/cst336/practice/p3/reviews.php:32
[24-Sep-2018 19:25:23 UTC] PHP   4. bar_graph() /home/ubuntu/workspace/cst336/practice/p3/inc/charts.php:30
[24-Sep-2018 19:25:23 UTC] PHP   5. imagepng() /home/ubuntu/workspace/cst336/practice/p3/inc/charts.php:71
[24-Sep-2018 19:25:23 UTC] PHP Warning:  imagepng(): Unable to open 'inc/charts/1537817123.126.png' for writing: No such file or directory in /home/ubuntu/workspace/cst336/practice/p3/inc/charts.php on line 71
[24-Sep-2018 19:25:23 UTC] PHP Stack trace:
[24-Sep-2018 19:25:23 UTC] PHP   1. {main}() /home/ubuntu/workspace/cst336/practice/p3/reviews.php:0
[24-Sep-2018 19:25:23 UTC] PHP   2. movieReviews() /home/ubuntu/workspace/cst336/practice/p3/reviews.php:67
[24-Sep-2018 19:25:23 UTC] PHP   3. displayRatings() /home/ubuntu/workspace/cst336/practice/p3/reviews.php:32
[24-Sep-2018 19:25:23 UTC] PHP   4. bar_graph() /home/ubuntu/workspace/cst336/practice/p3/inc/charts.php:30
[24-Sep-2018 19:25:23 UTC] PHP   5. imagepng() /home/ubuntu/workspace/cst336/practice/p3/inc/charts.php:71
[24-Sep-2018 19:27:05 UTC] PHP Warning:  imagepng(): Unable to open 'inc/charts/1537817225.7262.png' for writing: No such file or directory in /home/ubuntu/workspace/cst336/practice/p3/inc/charts.php on line 71
[24-Sep-2018 19:27:05 UTC] PHP Stack trace:
[24-Sep-2018 19:27:05 UTC] PHP   1. {main}() /home/ubuntu/workspace/cst336/practice/p3/reviews.php:0
[24-Sep-2018 19:27:05 UTC] PHP   2. movieReviews() /home/ubuntu/workspace/cst336/practice/p3/reviews.php:60
[24-Sep-2018 19:27:05 UTC] PHP   3. displayRatings() /home/ubuntu/workspace/cst336/practice/p3/reviews.php:25
[24-Sep-2018 19:27:05 UTC] PHP   4. bar_graph() /home/ubuntu/workspace/cst336/practice/p3/inc/charts.php:30
[24-Sep-2018 19:27:05 UTC] PHP   5. imagepng() /home/ubuntu/workspace/cst336/practice/p3/inc/charts.php:71
[24-Sep-2018 19:27:05 UTC] PHP Warning:  imagepng(): Unable to open 'inc/charts/1537817225.7266.png' for writing: No such file or directory in /home/ubuntu/workspace/cst336/practice/p3/inc/charts.php on line 71
[24-Sep-2018 19:27:05 UTC] PHP Stack trace:
[24-Sep-2018 19:27:05 UTC] PHP   1. {main}() /home/ubuntu/workspace/cst336/practice/p3/reviews.php:0
[24-Sep-2018 19:27:05 UTC] PHP   2. movieReviews() /home/ubuntu/workspace/cst336/practice/p3/reviews.php:60
[24-Sep-2018 19:27:05 UTC] PHP   3. displayRatings() /home/ubuntu/workspace/cst336/practice/p3/reviews.php:25
[24-Sep-2018 19:27:05 UTC] PHP   4. bar_graph() /home/ubuntu/workspace/cst336/practice/p3/inc/charts.php:30
[24-Sep-2018 19:27:05 UTC] PHP   5. imagepng() /home/ubuntu/workspace/cst336/practice/p3/inc/charts.php:71
[24-Sep-2018 19:27:05 UTC] PHP Warning:  imagepng(): Unable to open 'inc/charts/1537817225.727.png' for writing: No such file or directory in /home/ubuntu/workspace/cst336/practice/p3/inc/charts.php on line 71
[24-Sep-2018 19:27:05 UTC] PHP Stack trace:
[24-Sep-2018 19:27:05 UTC] PHP   1. {main}() /home/ubuntu/workspace/cst336/practice/p3/reviews.php:0
[24-Sep-2018 19:27:05 UTC] PHP   2. movieReviews() /home/ubuntu/workspace/cst336/practice/p3/reviews.php:60
[24-Sep-2018 19:27:05 UTC] PHP   3. displayRatings() /home/ubuntu/workspace/cst336/practice/p3/reviews.php:25
[24-Sep-2018 19:27:05 UTC] PHP   4. bar_graph() /home/ubuntu/workspace/cst336/practice/p3/inc/charts.php:30
[24-Sep-2018 19:27:05 UTC] PHP   5. imagepng() /home/ubuntu/workspace/cst336/practice/p3/inc/charts.php:71
[24-Sep-2018 19:27:05 UTC] PHP Warning:  imagepng(): Unable to open 'inc/charts/1537817225.7273.png' for writing: No such file or directory in /home/ubuntu/workspace/cst336/practice/p3/inc/charts.php on line 71
[24-Sep-2018 19:27:05 UTC] PHP Stack trace:
[24-Sep-2018 19:27:05 UTC] PHP   1. {main}() /home/ubuntu/workspace/cst336/practice/p3/reviews.php:0
[24-Sep-2018 19:27:05 UTC] PHP   2. movieReviews() /home/ubuntu/workspace/cst336/practice/p3/reviews.php:60
[24-Sep-2018 19:27:05 UTC] PHP   3. displayRatings() /home/ubuntu/workspace/cst336/practice/p3/reviews.php:25
[24-Sep-2018 19:27:05 UTC] PHP   4. bar_graph() /home/ubuntu/workspace/cst336/practice/p3/inc/charts.php:30
[24-Sep-2018 19:27:05 UTC] PHP   5. imagepng() /home/ubuntu/workspace/cst336/practice/p3/inc/charts.php:71
[24-Sep-2018 19:29:17 UTC] PHP Warning:  imagepng(): Unable to open 'inc/charts/1537817357.2062.png' for writing: No such file or directory in /home/ubuntu/workspace/cst336/practice/p3/inc/charts.php on line 71
[24-Sep-2018 19:29:17 UTC] PHP Stack trace:
[24-Sep-2018 19:29:17 UTC] PHP   1. {main}() /home/ubuntu/workspace/cst336/practice/p3/reviews.php:0
[24-Sep-2018 19:29:17 UTC] PHP   2. movieReviews() /home/ubuntu/workspace/cst336/practice/p3/reviews.php:60
[24-Sep-2018 19:29:17 UTC] PHP   3. displayRatings() /home/ubuntu/workspace/cst336/practice/p3/reviews.php:25
[24-Sep-2018 19:29:17 UTC] PHP   4. bar_graph() /home/ubuntu/workspace/cst336/practice/p3/inc/charts.php:30
[24-Sep-2018 19:29:17 UTC] PHP   5. imagepng() /home/ubuntu/workspace/cst336/practice/p3/inc/charts.php:71
[24-Sep-2018 19:31:45 UTC] PHP Warning:  imagepng(): Unable to open 'inc/charts/1537817505.2931.png' for writing: No such file or directory in /home/ubuntu/workspace/cst336/practice/p3/inc/charts.php on line 71
[24-Sep-2018 19:31:45 UTC] PHP Stack trace:
[24-Sep-2018 19:31:45 UTC] PHP   1. {main}() /home/ubuntu/workspace/cst336/practice/p3/reviews.php:0
[24-Sep-2018 19:31:45 UTC] PHP   2. movieReviews() /home/ubuntu/workspace/cst336/practice/p3/reviews.php:60
[24-Sep-2018 19:31:45 UTC] PHP   3. displayRatings() /home/ubuntu/workspace/cst336/practice/p3/reviews.php:25
[24-Sep-2018 19:31:45 UTC] PHP   4. bar_graph() /home/ubuntu/workspace/cst336/practice/p3/inc/charts.php:30
[24-Sep-2018 19:31:45 UTC] PHP   5. imagepng() /home/ubuntu/workspace/cst336/practice/p3/inc/charts.php:71
[24-Sep-2018 19:31:45 UTC] PHP Warning:  imagepng(): Unable to open 'inc/charts/1537817505.3009.png' for writing: No such file or directory in /home/ubuntu/workspace/cst336/practice/p3/inc/charts.php on line 71
[24-Sep-2018 19:31:45 UTC] PHP Stack trace:
[24-Sep-2018 19:31:45 UTC] PHP   1. {main}() /home/ubuntu/workspace/cst336/practice/p3/reviews.php:0
[24-Sep-2018 19:31:45 UTC] PHP   2. movieReviews() /home/ubuntu/workspace/cst336/practice/p3/reviews.php:60
[24-Sep-2018 19:31:45 UTC] PHP   3. displayRatings() /home/ubuntu/workspace/cst336/practice/p3/reviews.php:25
[24-Sep-2018 19:31:45 UTC] PHP   4. bar_graph() /home/ubuntu/workspace/cst336/practice/p3/inc/charts.php:30
[24-Sep-2018 19:31:45 UTC] PHP   5. imagepng() /home/ubuntu/workspace/cst336/practice/p3/inc/charts.php:71
[24-Sep-2018 19:31:45 UTC] PHP Warning:  imagepng(): Unable to open 'inc/charts/1537817505.3012.png' for writing: No such file or directory in /home/ubuntu/workspace/cst336/practice/p3/inc/charts.php on line 71
[24-Sep-2018 19:31:45 UTC] PHP Stack trace:
[24-Sep-2018 19:31:45 UTC] PHP   1. {main}() /home/ubuntu/workspace/cst336/practice/p3/reviews.php:0
[24-Sep-2018 19:31:45 UTC] PHP   2. movieReviews() /home/ubuntu/workspace/cst336/practice/p3/reviews.php:60
[24-Sep-2018 19:31:45 UTC] PHP   3. displayRatings() /home/ubuntu/workspace/cst336/practice/p3/reviews.php:25
[24-Sep-2018 19:31:45 UTC] PHP   4. bar_graph() /home/ubuntu/workspace/cst336/practice/p3/inc/charts.php:30
[24-Sep-2018 19:31:45 UTC] PHP   5. imagepng() /home/ubuntu/workspace/cst336/practice/p3/inc/charts.php:71
[24-Sep-2018 19:31:45 UTC] PHP Warning:  imagepng(): Unable to open 'inc/charts/1537817505.3014.png' for writing: No such file or directory in /home/ubuntu/workspace/cst336/practice/p3/inc/charts.php on line 71
[24-Sep-2018 19:31:45 UTC] PHP Stack trace:
[24-Sep-2018 19:31:45 UTC] PHP   1. {main}() /home/ubuntu/workspace/cst336/practice/p3/reviews.php:0
[24-Sep-2018 19:31:45 UTC] PHP   2. movieReviews() /home/ubuntu/workspace/cst336/practice/p3/reviews.php:60
[24-Sep-2018 19:31:45 UTC] PHP   3. displayRatings() /home/ubuntu/workspace/cst336/practice/p3/reviews.php:25
[24-Sep-2018 19:31:45 UTC] PHP   4. bar_graph() /home/ubuntu/workspace/cst336/practice/p3/inc/charts.php:30
[24-Sep-2018 19:31:45 UTC] PHP   5. imagepng() /home/ubuntu/workspace/cst336/practice/p3/inc/charts.php:71
[24-Sep-2018 19:31:51 UTC] PHP Warning:  imagepng(): Unable to open 'inc/charts/1537817511.901.png' for writing: No such file or directory in /home/ubuntu/workspace/cst336/practice/p3/inc/charts.php on line 71
[24-Sep-2018 19:31:51 UTC] PHP Stack trace:
[24-Sep-2018 19:31:51 UTC] PHP   1. {main}() /home/ubuntu/workspace/cst336/practice/p3/reviews.php:0
[24-Sep-2018 19:31:51 UTC] PHP   2. movieReviews() /home/ubuntu/workspace/cst336/practice/p3/reviews.php:60
[24-Sep-2018 19:31:51 UTC] PHP   3. displayRatings() /home/ubuntu/workspace/cst336/practice/p3/reviews.php:25
[24-Sep-2018 19:31:51 UTC] PHP   4. bar_graph() /home/ubuntu/workspace/cst336/practice/p3/inc/charts.php:30
[24-Sep-2018 19:31:51 UTC] PHP   5. imagepng() /home/ubuntu/workspace/cst336/practice/p3/inc/charts.php:71
[24-Sep-2018 19:31:51 UTC] PHP Warning:  imagepng(): Unable to open 'inc/charts/1537817511.9015.png' for writing: No such file or directory in /home/ubuntu/workspace/cst336/practice/p3/inc/charts.php on line 71
[24-Sep-2018 19:31:51 UTC] PHP Stack trace:
[24-Sep-2018 19:31:51 UTC] PHP   1. {main}() /home/ubuntu/workspace/cst336/practice/p3/reviews.php:0
[24-Sep-2018 19:31:51 UTC] PHP   2. movieReviews() /home/ubuntu/workspace/cst336/practice/p3/reviews.php:60
[24-Sep-2018 19:31:51 UTC] PHP   3. displayRatings() /home/ubuntu/workspace/cst336/practice/p3/reviews.php:25
[24-Sep-2018 19:31:51 UTC] PHP   4. bar_graph() /home/ubuntu/workspace/cst336/practice/p3/inc/charts.php:30
[24-Sep-2018 19:31:51 UTC] PHP   5. imagepng() /home/ubuntu/workspace/cst336/practice/p3/inc/charts.php:71
[24-Sep-2018 19:31:51 UTC] PHP Warning:  imagepng(): Unable to open 'inc/charts/1537817511.9018.png' for writing: No such file or directory in /home/ubuntu/workspace/cst336/practice/p3/inc/charts.php on line 71
[24-Sep-2018 19:31:51 UTC] PHP Stack trace:
[24-Sep-2018 19:31:51 UTC] PHP   1. {main}() /home/ubuntu/workspace/cst336/practice/p3/reviews.php:0
[24-Sep-2018 19:31:51 UTC] PHP   2. movieReviews() /home/ubuntu/workspace/cst336/practice/p3/reviews.php:60
[24-Sep-2018 19:31:51 UTC] PHP   3. displayRatings() /home/ubuntu/workspace/cst336/practice/p3/reviews.php:25
[24-Sep-2018 19:31:51 UTC] PHP   4. bar_graph() /home/ubuntu/workspace/cst336/practice/p3/inc/charts.php:30
[24-Sep-2018 19:31:51 UTC] PHP   5. imagepng() /home/ubuntu/workspace/cst336/practice/p3/inc/charts.php:71
[24-Sep-2018 19:31:51 UTC] PHP Warning:  imagepng(): Unable to open 'inc/charts/1537817511.9021.png' for writing: No such file or directory in /home/ubuntu/workspace/cst336/practice/p3/inc/charts.php on line 71
[24-Sep-2018 19:31:51 UTC] PHP Stack trace:
[24-Sep-2018 19:31:51 UTC] PHP   1. {main}() /home/ubuntu/workspace/cst336/practice/p3/reviews.php:0
[24-Sep-2018 19:31:51 UTC] PHP   2. movieReviews() /home/ubuntu/workspace/cst336/practice/p3/reviews.php:60
[24-Sep-2018 19:31:51 UTC] PHP   3. displayRatings() /home/ubuntu/workspace/cst336/practice/p3/reviews.php:25
[24-Sep-2018 19:31:51 UTC] PHP   4. bar_graph() /home/ubuntu/workspace/cst336/practice/p3/inc/charts.php:30
[24-Sep-2018 19:31:51 UTC] PHP   5. imagepng() /home/ubuntu/workspace/cst336/practice/p3/inc/charts.php:71
[24-Sep-2018 19:38:23 UTC] PHP Warning:  array_sum() expects parameter 1 to be array, boolean given in /home/ubuntu/workspace/cst336/practice/p3/inc/charts.php on line 15
[24-Sep-2018 19:38:23 UTC] PHP Stack trace:
[24-Sep-2018 19:38:23 UTC] PHP   1. {main}() /home/ubuntu/workspace/cst336/practice/p3/reviews.php:0
[24-Sep-2018 19:38:23 UTC] PHP   2. movieReviews() /home/ubuntu/workspace/cst336/practice/p3/reviews.php:62
[24-Sep-2018 19:38:23 UTC] PHP   3. displayRatings() /home/ubuntu/workspace/cst336/practice/p3/reviews.php:27
[24-Sep-2018 19:38:23 UTC] PHP   4. array_sum() /home/ubuntu/workspace/cst336/practice/p3/inc/charts.php:15
[24-Sep-2018 19:38:23 UTC] PHP Warning:  array_sum() expects parameter 1 to be array, boolean given in /home/ubuntu/workspace/cst336/practice/p3/inc/charts.php on line 15
[24-Sep-2018 19:38:23 UTC] PHP Stack trace:
[24-Sep-2018 19:38:23 UTC] PHP   1. {main}() /home/ubuntu/workspace/cst336/practice/p3/reviews.php:0
[24-Sep-2018 19:38:23 UTC] PHP   2. movieReviews() /home/ubuntu/workspace/cst336/practice/p3/reviews.php:62
[24-Sep-2018 19:38:23 UTC] PHP   3. displayRatings() /home/ubuntu/workspace/cst336/practice/p3/reviews.php:27
[24-Sep-2018 19:38:23 UTC] PHP   4. array_sum() /home/ubuntu/workspace/cst336/practice/p3/inc/charts.php:15
[24-Sep-2018 19:38:23 UTC] PHP Warning:  array_sum() expects parameter 1 to be array, boolean given in /home/ubuntu/workspace/cst336/practice/p3/inc/charts.php on line 15
[24-Sep-2018 19:38:23 UTC] PHP Stack trace:
[24-Sep-2018 19:38:23 UTC] PHP   1. {main}() /home/ubuntu/workspace/cst336/practice/p3/reviews.php:0
[24-Sep-2018 19:38:23 UTC] PHP   2. movieReviews() /home/ubuntu/workspace/cst336/practice/p3/reviews.php:62
[24-Sep-2018 19:38:23 UTC] PHP   3. displayRatings() /home/ubuntu/workspace/cst336/practice/p3/reviews.php:27
[24-Sep-2018 19:38:23 UTC] PHP   4. array_sum() /home/ubuntu/workspace/cst336/practice/p3/inc/charts.php:15
[24-Sep-2018 19:38:23 UTC] PHP Warning:  array_sum() expects parameter 1 to be array, boolean given in /home/ubuntu/workspace/cst336/practice/p3/inc/charts.php on line 15
[24-Sep-2018 19:38:23 UTC] PHP Stack trace:
[24-Sep-2018 19:38:23 UTC] PHP   1. {main}() /home/ubuntu/workspace/cst336/practice/p3/reviews.php:0
[24-Sep-2018 19:38:23 UTC] PHP   2. movieReviews() /home/ubuntu/workspace/cst336/practice/p3/reviews.php:62
[24-Sep-2018 19:38:23 UTC] PHP   3. displayRatings() /home/ubuntu/workspace/cst336/practice/p3/reviews.php:27
[24-Sep-2018 19:38:23 UTC] PHP   4. array_sum() /home/ubuntu/workspace/cst336/practice/p3/inc/charts.php:15
[24-Sep-2018 19:38:55 UTC] PHP Warning:  array_sum() expects parameter 1 to be array, boolean given in /home/ubuntu/workspace/cst336/practice/p3/inc/charts.php on line 15
[24-Sep-2018 19:38:55 UTC] PHP Stack trace:
[24-Sep-2018 19:38:55 UTC] PHP   1. {main}() /home/ubuntu/workspace/cst336/practice/p3/reviews.php:0
[24-Sep-2018 19:38:55 UTC] PHP   2. movieReviews() /home/ubuntu/workspace/cst336/practice/p3/reviews.php:61
[24-Sep-2018 19:38:55 UTC] PHP   3. displayRatings() /home/ubuntu/workspace/cst336/practice/p3/reviews.php:27
[24-Sep-2018 19:38:55 UTC] PHP   4. array_sum() /home/ubuntu/workspace/cst336/practice/p3/inc/charts.php:15
[24-Sep-2018 19:42:26 UTC] PHP Warning:  array_sum() expects parameter 1 to be array, boolean given in /home/ubuntu/workspace/cst336/practice/p3/inc/charts.php on line 15
[24-Sep-2018 19:42:26 UTC] PHP Stack trace:
[24-Sep-2018 19:42:26 UTC] PHP   1. {main}() /home/ubuntu/workspace/cst336/practice/p3/reviews.php:0
[24-Sep-2018 19:42:26 UTC] PHP   2. movieReviews() /home/ubuntu/workspace/cst336/practice/p3/reviews.php:60
[24-Sep-2018 19:42:26 UTC] PHP   3. displayRatings() /home/ubuntu/workspace/cst336/practice/p3/reviews.php:25
[24-Sep-2018 19:42:26 UTC] PHP   4. array_sum() /home/ubuntu/workspace/cst336/practice/p3/inc/charts.php:15
[24-Sep-2018 19:42:26 UTC] PHP Warning:  array_sum() expects parameter 1 to be array, boolean given in /home/ubuntu/workspace/cst336/practice/p3/inc/charts.php on line 15
[24-Sep-2018 19:42:26 UTC] PHP Stack trace:
[24-Sep-2018 19:42:26 UTC] PHP   1. {main}() /home/ubuntu/workspace/cst336/practice/p3/reviews.php:0
[24-Sep-2018 19:42:26 UTC] PHP   2. movieReviews() /home/ubuntu/workspace/cst336/practice/p3/reviews.php:60
[24-Sep-2018 19:42:26 UTC] PHP   3. displayRatings() /home/ubuntu/workspace/cst336/practice/p3/reviews.php:25
[24-Sep-2018 19:42:26 UTC] PHP   4. array_sum() /home/ubuntu/workspace/cst336/practice/p3/inc/charts.php:15
[24-Sep-2018 19:42:26 UTC] PHP Warning:  array_sum() expects parameter 1 to be array, boolean given in /home/ubuntu/workspace/cst336/practice/p3/inc/charts.php on line 15
[24-Sep-2018 19:42:26 UTC] PHP Stack trace:
[24-Sep-2018 19:42:26 UTC] PHP   1. {main}() /home/ubuntu/workspace/cst336/practice/p3/reviews.php:0
[24-Sep-2018 19:42:26 UTC] PHP   2. movieReviews() /home/ubuntu/workspace/cst336/practice/p3/reviews.php:60
[24-Sep-2018 19:42:26 UTC] PHP   3. displayRatings() /home/ubuntu/workspace/cst336/practice/p3/reviews.php:25
[24-Sep-2018 19:42:26 UTC] PHP   4. array_sum() /home/ubuntu/workspace/cst336/practice/p3/inc/charts.php:15
[24-Sep-2018 19:42:26 UTC] PHP Warning:  array_sum() expects parameter 1 to be array, boolean given in /home/ubuntu/workspace/cst336/practice/p3/inc/charts.php on line 15
[24-Sep-2018 19:42:26 UTC] PHP Stack trace:
[24-Sep-2018 19:42:26 UTC] PHP   1. {main}() /home/ubuntu/workspace/cst336/practice/p3/reviews.php:0
[24-Sep-2018 19:42:26 UTC] PHP   2. movieReviews() /home/ubuntu/workspace/cst336/practice/p3/reviews.php:60
[24-Sep-2018 19:42:26 UTC] PHP   3. displayRatings() /home/ubuntu/workspace/cst336/practice/p3/reviews.php:25
[24-Sep-2018 19:42:26 UTC] PHP   4. array_sum() /home/ubuntu/workspace/cst336/practice/p3/inc/charts.php:15
[24-Sep-2018 19:45:58 UTC] PHP Fatal error:  Call to undefined function push() in /home/ubuntu/workspace/cst336/practice/p3/reviews.php on line 10
[24-Sep-2018 19:45:58 UTC] PHP Stack trace:
[24-Sep-2018 19:45:58 UTC] PHP   1. {main}() /home/ubuntu/workspace/cst336/practice/p3/reviews.php:0
[24-Sep-2018 19:45:58 UTC] PHP   2. movieReviews() /home/ubuntu/workspace/cst336/practice/p3/reviews.php:65
[24-Sep-2018 19:47:44 UTC] PHP Fatal error:  Call to undefined function push() in /home/ubuntu/workspace/cst336/practice/p3/reviews.php on line 10
[24-Sep-2018 19:47:44 UTC] PHP Stack trace:
[24-Sep-2018 19:47:44 UTC] PHP   1. {main}() /home/ubuntu/workspace/cst336/practice/p3/reviews.php:0
[24-Sep-2018 19:47:44 UTC] PHP   2. movieReviews() /home/ubuntu/workspace/cst336/practice/p3/reviews.php:65
[24-Sep-2018 19:47:47 UTC] PHP Fatal error:  Call to undefined function push() in /home/ubuntu/workspace/cst336/practice/p3/reviews.php on line 10
[24-Sep-2018 19:47:47 UTC] PHP Stack trace:
[24-Sep-2018 19:47:47 UTC] PHP   1. {main}() /home/ubuntu/workspace/cst336/practice/p3/reviews.php:0
[24-Sep-2018 19:47:47 UTC] PHP   2. movieReviews() /home/ubuntu/workspace/cst336/practice/p3/reviews.php:65
[24-Sep-2018 19:47:53 UTC] PHP Warning:  array_push() expects parameter 1 to be array, null given in /home/ubuntu/workspace/cst336/practice/p3/reviews.php on line 10
[24-Sep-2018 19:47:53 UTC] PHP Stack trace:
[24-Sep-2018 19:47:53 UTC] PHP   1. {main}() /home/ubuntu/workspace/cst336/practice/p3/reviews.php:0
[24-Sep-2018 19:47:53 UTC] PHP   2. movieReviews() /home/ubuntu/workspace/cst336/practice/p3/reviews.php:65
[24-Sep-2018 19:47:53 UTC] PHP   3. array_push() /home/ubuntu/workspace/cst336/practice/p3/reviews.php:10
[24-Sep-2018 19:47:53 UTC] PHP Fatal error:  Call to undefined function length() in /home/ubuntu/workspace/cst336/practice/p3/reviews.php on line 12
[24-Sep-2018 19:47:53 UTC] PHP Stack trace:
[24-Sep-2018 19:47:53 UTC] PHP   1. {main}() /home/ubuntu/workspace/cst336/practice/p3/reviews.php:0
[24-Sep-2018 19:47:53 UTC] PHP   2. movieReviews() /home/ubuntu/workspace/cst336/practice/p3/reviews.php:65
[24-Sep-2018 19:48:40 UTC] PHP Fatal error:  Call to undefined function length() in /home/ubuntu/workspace/cst336/practice/p3/reviews.php on line 13
[24-Sep-2018 19:48:40 UTC] PHP Stack trace:
[24-Sep-2018 19:48:40 UTC] PHP   1. {main}() /home/ubuntu/workspace/cst336/practice/p3/reviews.php:0
[24-Sep-2018 19:48:40 UTC] PHP   2. movieReviews() /home/ubuntu/workspace/cst336/practice/p3/reviews.php:66
[24-Sep-2018 19:51:40 UTC] PHP Warning:  count() expects at least 1 parameter, 0 given in /home/ubuntu/workspace/cst336/practice/p3/reviews.php on line 12
[24-Sep-2018 19:51:40 UTC] PHP Stack trace:
[24-Sep-2018 19:51:40 UTC] PHP   1. {main}() /home/ubuntu/workspace/cst336/practice/p3/reviews.php:0
[24-Sep-2018 19:51:40 UTC] PHP   2. movieReviews() /home/ubuntu/workspace/cst336/practice/p3/reviews.php:68
[24-Sep-2018 19:51:40 UTC] PHP   3. count() /home/ubuntu/workspace/cst336/practice/p3/reviews.php:12
[24-Sep-2018 19:51:40 UTC] PHP Warning:  count() expects at least 1 parameter, 0 given in /home/ubuntu/workspace/cst336/practice/p3/reviews.php on line 12
[24-Sep-2018 19:51:40 UTC] PHP Stack trace:
[24-Sep-2018 19:51:40 UTC] PHP   1. {main}() /home/ubuntu/workspace/cst336/practice/p3/reviews.php:0
[24-Sep-2018 19:51:40 UTC] PHP   2. movieReviews() /home/ubuntu/workspace/cst336/practice/p3/reviews.php:68
[24-Sep-2018 19:51:40 UTC] PHP   3. count() /home/ubuntu/workspace/cst336/practice/p3/reviews.php:12
[24-Sep-2018 19:51:40 UTC] PHP Warning:  count() expects at least 1 parameter, 0 given in /home/ubuntu/workspace/cst336/practice/p3/reviews.php on line 12
[24-Sep-2018 19:51:40 UTC] PHP Stack trace:
[24-Sep-2018 19:51:40 UTC] PHP   1. {main}() /home/ubuntu/workspace/cst336/practice/p3/reviews.php:0
[24-Sep-2018 19:51:40 UTC] PHP   2. movieReviews() /home/ubuntu/workspace/cst336/practice/p3/reviews.php:68
[24-Sep-2018 19:51:40 UTC] PHP   3. count() /home/ubuntu/workspace/cst336/practice/p3/reviews.php:12
[24-Sep-2018 19:51:40 UTC] PHP Warning:  count() expects at least 1 parameter, 0 given in /home/ubuntu/workspace/cst336/practice/p3/reviews.php on line 12
[24-Sep-2018 19:51:40 UTC] PHP Stack trace:
[24-Sep-2018 19:51:40 UTC] PHP   1. {main}() /home/ubuntu/workspace/cst336/practice/p3/reviews.php:0
[24-Sep-2018 19:51:40 UTC] PHP   2. movieReviews() /home/ubuntu/workspace/cst336/practice/p3/reviews.php:68
[24-Sep-2018 19:51:40 UTC] PHP   3. count() /home/ubuntu/workspace/cst336/practice/p3/reviews.php:12
[24-Sep-2018 19:57:20 UTC] PHP Fatal error:  Call to a member function getArrayCopy() on a non-object in /home/ubuntu/workspace/cst336/practice/p3/reviews.php on line 12
[24-Sep-2018 19:57:20 UTC] PHP Stack trace:
[24-Sep-2018 19:57:20 UTC] PHP   1. {main}() /home/ubuntu/workspace/cst336/practice/p3/reviews.php:0
[24-Sep-2018 19:57:20 UTC] PHP   2. movieReviews() /home/ubuntu/workspace/cst336/practice/p3/reviews.php:64
[24-Sep-2018 19:58:50 UTC] PHP Fatal error:  Call to a member function getArrayCopy() on a non-object in /home/ubuntu/workspace/cst336/practice/p3/reviews.php on line 13
[24-Sep-2018 19:58:50 UTC] PHP Stack trace:
[24-Sep-2018 19:58:50 UTC] PHP   1. {main}() /home/ubuntu/workspace/cst336/practice/p3/reviews.php:0
[24-Sep-2018 19:58:50 UTC] PHP   2. movieReviews() /home/ubuntu/workspace/cst336/practice/p3/reviews.php:65
[24-Sep-2018 19:58:55 UTC] PHP Fatal error:  Call to a member function getArrayCopy() on a non-object in /home/ubuntu/workspace/cst336/practice/p3/reviews.php on line 13
[24-Sep-2018 19:58:55 UTC] PHP Stack trace:
[24-Sep-2018 19:58:55 UTC] PHP   1. {main}() /home/ubuntu/workspace/cst336/practice/p3/reviews.php:0
[24-Sep-2018 19:58:55 UTC] PHP   2. movieReviews() /home/ubuntu/workspace/cst336/practice/p3/reviews.php:65
[24-Sep-2018 20:03:00 UTC] PHP Fatal error:  Uncaught exception 'InvalidArgumentException' with message 'Passed variable is not an array or object, using empty array instead' in /home/ubuntu/workspace/cst336/practice/p3/reviews.php:12
Stack trace:
#0 /home/ubuntu/workspace/cst336/practice/p3/reviews.php(12): ArrayObject->__construct('hereditary')
#1 /home/ubuntu/workspace/cst336/practice/p3/reviews.php(65): movieReviews()
#2 {main}
  thrown in /home/ubuntu/workspace/cst336/practice/p3/reviews.php on line 12
[24-Sep-2018 20:03:42 UTC] PHP Fatal error:  Call to a member function getArrayCopy() on a non-object in /home/ubuntu/workspace/cst336/practice/p3/reviews.php on line 13
[24-Sep-2018 20:03:42 UTC] PHP Stack trace:
[24-Sep-2018 20:03:42 UTC] PHP   1. {main}() /home/ubuntu/workspace/cst336/practice/p3/reviews.php:0
[24-Sep-2018 20:03:42 UTC] PHP   2. movieReviews() /home/ubuntu/workspace/cst336/practice/p3/reviews.php:65
[24-Sep-2018 20:05:37 UTC] PHP Fatal error:  Call to a member function getArrayCopy() on a non-object in /home/ubuntu/workspace/cst336/practice/p3/reviews.php on line 13
[24-Sep-2018 20:05:37 UTC] PHP Stack trace:
[24-Sep-2018 20:05:37 UTC] PHP   1. {main}() /home/ubuntu/workspace/cst336/practice/p3/reviews.php:0
[24-Sep-2018 20:05:37 UTC] PHP   2. movieReviews() /home/ubuntu/workspace/cst336/practice/p3/reviews.php:65
[24-Sep-2018 20:05:39 UTC] PHP Fatal error:  Call to a member function getArrayCopy() on a non-object in /home/ubuntu/workspace/cst336/practice/p3/reviews.php on line 13
[24-Sep-2018 20:05:39 UTC] PHP Stack trace:
[24-Sep-2018 20:05:39 UTC] PHP   1. {main}() /home/ubuntu/workspace/cst336/practice/p3/reviews.php:0
[24-Sep-2018 20:05:39 UTC] PHP   2. movieReviews() /home/ubuntu/workspace/cst336/practice/p3/reviews.php:65
[24-Sep-2018 20:05:40 UTC] PHP Fatal error:  Call to a member function getArrayCopy() on a non-object in /home/ubuntu/workspace/cst336/practice/p3/reviews.php on line 13
[24-Sep-2018 20:05:40 UTC] PHP Stack trace:
[24-Sep-2018 20:05:40 UTC] PHP   1. {main}() /home/ubuntu/workspace/cst336/practice/p3/reviews.php:0
[24-Sep-2018 20:05:40 UTC] PHP   2. movieReviews() /home/ubuntu/workspace/cst336/practice/p3/reviews.php:65
[08-Oct-2018 21:52:17 UTC] PHP Parse error:  syntax error, unexpected '}', expecting ',' or ';' in /home/ubuntu/workspace/cst336/practice/zodiac/index.php on line 19
[24-Oct-2018 19:05:07 UTC] PHP Fatal error:  Uncaught exception 'PDOException' with message 'SQLSTATE[42S02]: Base table or view not found: 1146 Table 'ottermart.mp_county' doesn't exist' in /home/ubuntu/workspace/cst336/practice/p6/midterm_practice2.php:11
Stack trace:
#0 /home/ubuntu/workspace/cst336/practice/p6/midterm_practice2.php(11): PDOStatement->execute()
#1 /home/ubuntu/workspace/cst336/practice/p6/midterm_practice2.php(34): executeSQL()
#2 {main}
  thrown in /home/ubuntu/workspace/cst336/practice/p6/midterm_practice2.php on line 11
[24-Oct-2018 19:05:51 UTC] PHP Fatal error:  Uncaught exception 'PDOException' with message 'SQLSTATE[42S02]: Base table or view not found: 1146 Table 'ottermart.mp_county' doesn't exist' in /home/ubuntu/workspace/cst336/practice/p6/midterm_practice2.php:11
Stack trace:
#0 /home/ubuntu/workspace/cst336/practice/p6/midterm_practice2.php(11): PDOStatement->execute()
#1 /home/ubuntu/workspace/cst336/practice/p6/midterm_practice2.php(34): executeSQL()
#2 {main}
  thrown in /home/ubuntu/workspace/cst336/practice/p6/midterm_practice2.php on line 11
[24-Oct-2018 19:07:24 UTC] PHP Fatal error:  Uncaught exception 'PDOException' with message 'SQLSTATE[42S02]: Base table or view not found: 1146 Table 'ottermart.mp_county' doesn't exist' in /home/ubuntu/workspace/cst336/practice/p6/midterm_practice2.php:11
Stack trace:
#0 /home/ubuntu/workspace/cst336/practice/p6/midterm_practice2.php(11): PDOStatement->execute()
#1 /home/ubuntu/workspace/cst336/practice/p6/midterm_practice2.php(34): executeSQL()
#2 {main}
  thrown in /home/ubuntu/workspace/cst336/practice/p6/midterm_practice2.php on line 11
[29-Oct-2018 19:21:19 UTC] PHP Fatal error:  Uncaught exception 'PDOException' with message 'SQLSTATE[42S02]: Base table or view not found: 1146 Table 'c9.om_product' doesn't exist' in /home/ubuntu/workspace/cst336/practice/p7/index.php:56
Stack trace:
#0 /home/ubuntu/workspace/cst336/practice/p7/index.php(56): PDOStatement->execute(Array)
#1 /home/ubuntu/workspace/cst336/practice/p7/index.php(111): filterProducts()
#2 {main}
  thrown in /home/ubuntu/workspace/cst336/practice/p7/index.php on line 56
[29-Oct-2018 19:22:00 UTC] PHP Fatal error:  Uncaught exception 'PDOException' with message 'SQLSTATE[42S02]: Base table or view not found: 1146 Table 'c9.om_product' doesn't exist' in /home/ubuntu/workspace/cst336/practice/p7/index.php:56
Stack trace:
#0 /home/ubuntu/workspace/cst336/practice/p7/index.php(56): PDOStatement->execute(Array)
#1 /home/ubuntu/workspace/cst336/practice/p7/index.php(111): filterProducts()
#2 {main}
  thrown in /home/ubuntu/workspace/cst336/practice/p7/index.php on line 56
[29-Oct-2018 19:26:57 UTC] PHP Fatal error:  Uncaught exception 'PDOException' with message 'SQLSTATE[42S22]: Column not found: 1054 Unknown column 'catId' in 'where clause'' in /home/ubuntu/workspace/cst336/practice/p7/index.php:56
Stack trace:
#0 /home/ubuntu/workspace/cst336/practice/p7/index.php(56): PDOStatement->execute(Array)
#1 /home/ubuntu/workspace/cst336/practice/p7/index.php(111): filterProducts()
#2 {main}
  thrown in /home/ubuntu/workspace/cst336/practice/p7/index.php on line 56
[29-Oct-2018 19:29:06 UTC] PHP Fatal error:  Uncaught exception 'PDOException' with message 'SQLSTATE[42S22]: Column not found: 1054 Unknown column 'catId' in 'where clause'' in /home/ubuntu/workspace/cst336/practice/p7/index.php:53
Stack trace:
#0 /home/ubuntu/workspace/cst336/practice/p7/index.php(53): PDOStatement->execute(Array)
#1 /home/ubuntu/workspace/cst336/practice/p7/index.php(108): filterProducts()
#2 {main}
  thrown in /home/ubuntu/workspace/cst336/practice/p7/index.php on line 53
[29-Oct-2018 19:47:32 UTC] PHP Fatal error:  Uncaught exception 'PDOException' with message 'SQLSTATE[42S02]: Base table or view not found: 1146 Table 'c9.om_category' doesn't exist' in /home/ubuntu/workspace/cst336/practice/p7/index.php:12
Stack trace:
#0 /home/ubuntu/workspace/cst336/practice/p7/index.php(12): PDOStatement->execute()
#1 /home/ubuntu/workspace/cst336/practice/p7/index.php(113): displayCategories()
#2 {main}
  thrown in /home/ubuntu/workspace/cst336/practice/p7/index.php on line 12
