[07-Nov-2018 06:46:52 UTC] PHP Fatal error:  Call to undefined function getDatabaseConnection() in /home/ubuntu/workspace/cst336/sports-project2/index.php on line 4
[07-Nov-2018 06:46:52 UTC] PHP Stack trace:
[07-Nov-2018 06:46:52 UTC] PHP   1. {main}() /home/ubuntu/workspace/cst336/sports-project2/index.php:0
[14-Nov-2018 22:39:13 UTC] PHP Warning:  include(functions/functions.php): failed to open stream: No such file or directory in /home/ubuntu/workspace/cst336/final-project/index.php on line 9
[14-Nov-2018 22:39:13 UTC] PHP Stack trace:
[14-Nov-2018 22:39:13 UTC] PHP   1. {main}() /home/ubuntu/workspace/cst336/final-project/index.php:0
[14-Nov-2018 22:39:13 UTC] PHP Warning:  include(): Failed opening 'functions/functions.php' for inclusion (include_path='.:/usr/share/php:/usr/share/pear') in /home/ubuntu/workspace/cst336/final-project/index.php on line 9
[14-Nov-2018 22:39:13 UTC] PHP Stack trace:
[14-Nov-2018 22:39:13 UTC] PHP   1. {main}() /home/ubuntu/workspace/cst336/final-project/index.php:0
[30-Nov-2018 22:09:30 UTC] PHP Warning:  include(../../inc/dbConnection.php): failed to open stream: No such file or directory in /home/ubuntu/workspace/cst336/final-project/loginProcess.php on line 4
[30-Nov-2018 22:09:30 UTC] PHP Stack trace:
[30-Nov-2018 22:09:30 UTC] PHP   1. {main}() /home/ubuntu/workspace/cst336/final-project/loginProcess.php:0
[30-Nov-2018 22:09:30 UTC] PHP Warning:  include(): Failed opening '../../inc/dbConnection.php' for inclusion (include_path='.:/usr/share/php:/usr/share/pear') in /home/ubuntu/workspace/cst336/final-project/loginProcess.php on line 4
[30-Nov-2018 22:09:30 UTC] PHP Stack trace:
[30-Nov-2018 22:09:30 UTC] PHP   1. {main}() /home/ubuntu/workspace/cst336/final-project/loginProcess.php:0
[30-Nov-2018 22:09:30 UTC] PHP Fatal error:  Call to undefined function startConnection() in /home/ubuntu/workspace/cst336/final-project/loginProcess.php on line 5
[30-Nov-2018 22:09:30 UTC] PHP Stack trace:
[30-Nov-2018 22:09:30 UTC] PHP   1. {main}() /home/ubuntu/workspace/cst336/final-project/loginProcess.php:0
[30-Nov-2018 22:10:44 UTC] PHP Warning:  include(../../inc/dbConnection.php): failed to open stream: No such file or directory in /home/ubuntu/workspace/cst336/final-project/admin.php on line 6
[30-Nov-2018 22:10:44 UTC] PHP Stack trace:
[30-Nov-2018 22:10:44 UTC] PHP   1. {main}() /home/ubuntu/workspace/cst336/final-project/admin.php:0
[30-Nov-2018 22:10:44 UTC] PHP Warning:  include(): Failed opening '../../inc/dbConnection.php' for inclusion (include_path='.:/usr/share/php:/usr/share/pear') in /home/ubuntu/workspace/cst336/final-project/admin.php on line 6
[30-Nov-2018 22:10:44 UTC] PHP Stack trace:
[30-Nov-2018 22:10:44 UTC] PHP   1. {main}() /home/ubuntu/workspace/cst336/final-project/admin.php:0
[30-Nov-2018 22:10:44 UTC] PHP Fatal error:  Call to undefined function startConnection() in /home/ubuntu/workspace/cst336/final-project/admin.php on line 7
[30-Nov-2018 22:10:44 UTC] PHP Stack trace:
[30-Nov-2018 22:10:44 UTC] PHP   1. {main}() /home/ubuntu/workspace/cst336/final-project/admin.php:0
[30-Nov-2018 22:10:51 UTC] PHP Warning:  include(../../inc/dbConnection.php): failed to open stream: No such file or directory in /home/ubuntu/workspace/cst336/final-project/admin.php on line 6
[30-Nov-2018 22:10:51 UTC] PHP Stack trace:
[30-Nov-2018 22:10:51 UTC] PHP   1. {main}() /home/ubuntu/workspace/cst336/final-project/admin.php:0
[30-Nov-2018 22:10:51 UTC] PHP Warning:  include(): Failed opening '../../inc/dbConnection.php' for inclusion (include_path='.:/usr/share/php:/usr/share/pear') in /home/ubuntu/workspace/cst336/final-project/admin.php on line 6
[30-Nov-2018 22:10:51 UTC] PHP Stack trace:
[30-Nov-2018 22:10:51 UTC] PHP   1. {main}() /home/ubuntu/workspace/cst336/final-project/admin.php:0
[30-Nov-2018 22:10:51 UTC] PHP Fatal error:  Call to undefined function startConnection() in /home/ubuntu/workspace/cst336/final-project/admin.php on line 7
[30-Nov-2018 22:10:51 UTC] PHP Stack trace:
[30-Nov-2018 22:10:51 UTC] PHP   1. {main}() /home/ubuntu/workspace/cst336/final-project/admin.php:0
[30-Nov-2018 22:10:52 UTC] PHP Warning:  include(../../inc/dbConnection.php): failed to open stream: No such file or directory in /home/ubuntu/workspace/cst336/final-project/admin.php on line 6
[30-Nov-2018 22:10:52 UTC] PHP Stack trace:
[30-Nov-2018 22:10:52 UTC] PHP   1. {main}() /home/ubuntu/workspace/cst336/final-project/admin.php:0
[30-Nov-2018 22:10:52 UTC] PHP Warning:  include(): Failed opening '../../inc/dbConnection.php' for inclusion (include_path='.:/usr/share/php:/usr/share/pear') in /home/ubuntu/workspace/cst336/final-project/admin.php on line 6
[30-Nov-2018 22:10:52 UTC] PHP Stack trace:
[30-Nov-2018 22:10:52 UTC] PHP   1. {main}() /home/ubuntu/workspace/cst336/final-project/admin.php:0
[30-Nov-2018 22:10:52 UTC] PHP Fatal error:  Call to undefined function startConnection() in /home/ubuntu/workspace/cst336/final-project/admin.php on line 7
[30-Nov-2018 22:10:52 UTC] PHP Stack trace:
[30-Nov-2018 22:10:52 UTC] PHP   1. {main}() /home/ubuntu/workspace/cst336/final-project/admin.php:0
[30-Nov-2018 22:15:12 UTC] PHP Fatal error:  Call to undefined function validateSession() in /home/ubuntu/workspace/cst336/final-project/admin.php on line 10
[30-Nov-2018 22:15:12 UTC] PHP Stack trace:
[30-Nov-2018 22:15:12 UTC] PHP   1. {main}() /home/ubuntu/workspace/cst336/final-project/admin.php:0
[30-Nov-2018 22:16:25 UTC] PHP Fatal error:  Call to undefined function displayAllProducts() in /home/ubuntu/workspace/cst336/final-project/admin.php on line 55
[30-Nov-2018 22:16:25 UTC] PHP Stack trace:
[30-Nov-2018 22:16:25 UTC] PHP   1. {main}() /home/ubuntu/workspace/cst336/final-project/admin.php:0
[30-Nov-2018 22:17:14 UTC] PHP Fatal error:  Call to undefined function displayAllProducts() in /home/ubuntu/workspace/cst336/final-project/admin.php on line 55
[30-Nov-2018 22:17:14 UTC] PHP Stack trace:
[30-Nov-2018 22:17:14 UTC] PHP   1. {main}() /home/ubuntu/workspace/cst336/final-project/admin.php:0
[30-Nov-2018 22:23:43 UTC] PHP Fatal error:  Call to undefined function displayAllProducts() in /home/ubuntu/workspace/cst336/final-project/admin.php on line 55
[30-Nov-2018 22:23:43 UTC] PHP Stack trace:
[30-Nov-2018 22:23:43 UTC] PHP   1. {main}() /home/ubuntu/workspace/cst336/final-project/admin.php:0
[30-Nov-2018 22:24:54 UTC] PHP Warning:  include(../../inc/dbConnection.php): failed to open stream: No such file or directory in /home/ubuntu/workspace/cst336/final-project/productInfo.php on line 4
[30-Nov-2018 22:24:54 UTC] PHP Stack trace:
[30-Nov-2018 22:24:54 UTC] PHP   1. {main}() /home/ubuntu/workspace/cst336/final-project/productInfo.php:0
[30-Nov-2018 22:24:54 UTC] PHP Warning:  include(): Failed opening '../../inc/dbConnection.php' for inclusion (include_path='.:/usr/share/php:/usr/share/pear') in /home/ubuntu/workspace/cst336/final-project/productInfo.php on line 4
[30-Nov-2018 22:24:54 UTC] PHP Stack trace:
[30-Nov-2018 22:24:54 UTC] PHP   1. {main}() /home/ubuntu/workspace/cst336/final-project/productInfo.php:0
[30-Nov-2018 22:24:54 UTC] PHP Fatal error:  Call to undefined function startConnection() in /home/ubuntu/workspace/cst336/final-project/productInfo.php on line 5
[30-Nov-2018 22:24:54 UTC] PHP Stack trace:
[30-Nov-2018 22:24:54 UTC] PHP   1. {main}() /home/ubuntu/workspace/cst336/final-project/productInfo.php:0
[30-Nov-2018 23:17:19 UTC] PHP Parse error:  syntax error, unexpected ';' in /home/ubuntu/workspace/cst336/final-project/findAveragePrice.php on line 47
[30-Nov-2018 23:17:29 UTC] PHP Parse error:  syntax error, unexpected ';' in /home/ubuntu/workspace/cst336/final-project/findAveragePrice.php on line 47
[02-Dec-2018 01:37:33 UTC] PHP Fatal error:  Call to a member function prepare() on a non-object in /home/ubuntu/workspace/cst336/final-project/inc/functions.php on line 66
[02-Dec-2018 01:37:33 UTC] PHP Stack trace:
[02-Dec-2018 01:37:33 UTC] PHP   1. {main}() /home/ubuntu/workspace/cst336/final-project/index.php:0
[02-Dec-2018 01:37:33 UTC] PHP   2. searchProduct() /home/ubuntu/workspace/cst336/final-project/index.php:22
[02-Dec-2018 01:39:49 UTC] PHP Fatal error:  Call to a member function prepare() on a non-object in /home/ubuntu/workspace/cst336/final-project/inc/functions.php on line 66
[02-Dec-2018 01:39:49 UTC] PHP Stack trace:
[02-Dec-2018 01:39:49 UTC] PHP   1. {main}() /home/ubuntu/workspace/cst336/final-project/index.php:0
[02-Dec-2018 01:39:49 UTC] PHP   2. searchProduct() /home/ubuntu/workspace/cst336/final-project/index.php:22
[02-Dec-2018 01:41:54 UTC] PHP Fatal error:  Call to a member function prepare() on a non-object in /home/ubuntu/workspace/cst336/final-project/inc/functions.php on line 66
[02-Dec-2018 01:41:54 UTC] PHP Stack trace:
[02-Dec-2018 01:41:54 UTC] PHP   1. {main}() /home/ubuntu/workspace/cst336/final-project/index.php:0
[02-Dec-2018 01:41:54 UTC] PHP   2. searchProduct() /home/ubuntu/workspace/cst336/final-project/index.php:22
[02-Dec-2018 01:42:50 UTC] PHP Fatal error:  Call to a member function prepare() on a non-object in /home/ubuntu/workspace/cst336/final-project/inc/functions.php on line 67
[02-Dec-2018 01:42:50 UTC] PHP Stack trace:
[02-Dec-2018 01:42:50 UTC] PHP   1. {main}() /home/ubuntu/workspace/cst336/final-project/index.php:0
[02-Dec-2018 01:42:50 UTC] PHP   2. searchProduct() /home/ubuntu/workspace/cst336/final-project/index.php:22
[02-Dec-2018 01:44:34 UTC] PHP Fatal error:  Call to a member function prepare() on a non-object in /home/ubuntu/workspace/cst336/final-project/inc/functions.php on line 66
[02-Dec-2018 01:44:34 UTC] PHP Stack trace:
[02-Dec-2018 01:44:34 UTC] PHP   1. {main}() /home/ubuntu/workspace/cst336/final-project/index.php:0
[02-Dec-2018 01:44:34 UTC] PHP   2. searchProduct() /home/ubuntu/workspace/cst336/final-project/index.php:22
[03-Dec-2018 04:08:17 UTC] PHP Fatal error:  Call to a member function prepare() on a non-object in /home/ubuntu/workspace/cst336/final-project/inc/functions.php on line 66
[03-Dec-2018 04:08:17 UTC] PHP Stack trace:
[03-Dec-2018 04:08:17 UTC] PHP   1. {main}() /home/ubuntu/workspace/cst336/final-project/index.php:0
[03-Dec-2018 04:08:17 UTC] PHP   2. searchProduct() /home/ubuntu/workspace/cst336/final-project/index.php:22
[03-Dec-2018 20:20:26 UTC] PHP Fatal error:  Call to a member function prepare() on a non-object in /home/ubuntu/workspace/cst336/final-project/inc/functions.php on line 67
[03-Dec-2018 20:20:26 UTC] PHP Stack trace:
[03-Dec-2018 20:20:26 UTC] PHP   1. {main}() /home/ubuntu/workspace/cst336/final-project/index.php:0
[03-Dec-2018 20:20:26 UTC] PHP   2. searchProduct() /home/ubuntu/workspace/cst336/final-project/index.php:22
[03-Dec-2018 20:36:33 UTC] PHP Fatal error:  Function name must be a string in /home/ubuntu/workspace/cst336/final-project/index.php on line 32
[03-Dec-2018 20:36:33 UTC] PHP Stack trace:
[03-Dec-2018 20:36:33 UTC] PHP   1. {main}() /home/ubuntu/workspace/cst336/final-project/index.php:0
[03-Dec-2018 20:37:33 UTC] PHP Fatal error:  Function name must be a string in /home/ubuntu/workspace/cst336/final-project/index.php on line 32
[03-Dec-2018 20:37:33 UTC] PHP Stack trace:
[03-Dec-2018 20:37:33 UTC] PHP   1. {main}() /home/ubuntu/workspace/cst336/final-project/index.php:0
[03-Dec-2018 20:52:38 UTC] PHP Fatal error:  Function name must be a string in /home/ubuntu/workspace/cst336/final-project/searchProduct.php on line 9
[03-Dec-2018 20:52:38 UTC] PHP Stack trace:
[03-Dec-2018 20:52:38 UTC] PHP   1. {main}() /home/ubuntu/workspace/cst336/final-project/searchProduct.php:0
[03-Dec-2018 20:54:19 UTC] PHP Warning:  PDOStatement::execute() expects parameter 1 to be array, string given in /home/ubuntu/workspace/cst336/final-project/searchProduct.php on line 15
[03-Dec-2018 20:54:19 UTC] PHP Stack trace:
[03-Dec-2018 20:54:19 UTC] PHP   1. {main}() /home/ubuntu/workspace/cst336/final-project/searchProduct.php:0
[03-Dec-2018 20:54:19 UTC] PHP   2. PDOStatement->execute() /home/ubuntu/workspace/cst336/final-project/searchProduct.php:15
[03-Dec-2018 20:55:17 UTC] PHP Warning:  PDOStatement::execute() expects parameter 1 to be array, string given in /home/ubuntu/workspace/cst336/final-project/searchProduct.php on line 15
[03-Dec-2018 20:55:17 UTC] PHP Stack trace:
[03-Dec-2018 20:55:17 UTC] PHP   1. {main}() /home/ubuntu/workspace/cst336/final-project/searchProduct.php:0
[03-Dec-2018 20:55:17 UTC] PHP   2. PDOStatement->execute() /home/ubuntu/workspace/cst336/final-project/searchProduct.php:15
[03-Dec-2018 20:55:37 UTC] PHP Warning:  PDOStatement::execute() expects parameter 1 to be array, string given in /home/ubuntu/workspace/cst336/final-project/searchProduct.php on line 15
[03-Dec-2018 20:55:37 UTC] PHP Stack trace:
[03-Dec-2018 20:55:37 UTC] PHP   1. {main}() /home/ubuntu/workspace/cst336/final-project/searchProduct.php:0
[03-Dec-2018 20:55:37 UTC] PHP   2. PDOStatement->execute() /home/ubuntu/workspace/cst336/final-project/searchProduct.php:15
[03-Dec-2018 20:55:57 UTC] PHP Warning:  PDOStatement::execute() expects parameter 1 to be array, string given in /home/ubuntu/workspace/cst336/final-project/searchProduct.php on line 15
[03-Dec-2018 20:55:57 UTC] PHP Stack trace:
[03-Dec-2018 20:55:57 UTC] PHP   1. {main}() /home/ubuntu/workspace/cst336/final-project/searchProduct.php:0
[03-Dec-2018 20:55:57 UTC] PHP   2. PDOStatement->execute() /home/ubuntu/workspace/cst336/final-project/searchProduct.php:15
[03-Dec-2018 20:58:45 UTC] PHP Fatal error:  Call to undefined function alert() in /home/ubuntu/workspace/cst336/final-project/searchProduct.php on line 14
[03-Dec-2018 20:58:45 UTC] PHP Stack trace:
[03-Dec-2018 20:58:45 UTC] PHP   1. {main}() /home/ubuntu/workspace/cst336/final-project/searchProduct.php:0
[03-Dec-2018 20:59:51 UTC] PHP Fatal error:  Uncaught exception 'PDOException' with message 'SQLSTATE[42000]: Syntax error or access violation: 1064 You have an error in your SQL syntax; check the manual that corresponds to your MySQL server version for the right syntax to use near '%'lenovo'%' at line 1' in /home/ubuntu/workspace/cst336/final-project/searchProduct.php:15
Stack trace:
#0 /home/ubuntu/workspace/cst336/final-project/searchProduct.php(15): PDOStatement->execute(Array)
#1 {main}
  thrown in /home/ubuntu/workspace/cst336/final-project/searchProduct.php on line 15
[03-Dec-2018 21:03:57 UTC] PHP Fatal error:  Uncaught exception 'PDOException' with message 'SQLSTATE[42000]: Syntax error or access violation: 1064 You have an error in your SQL syntax; check the manual that corresponds to your MySQL server version for the right syntax to use near '+ '%lenovo%' + '%'' at line 1' in /home/ubuntu/workspace/cst336/final-project/searchProduct.php:15
Stack trace:
#0 /home/ubuntu/workspace/cst336/final-project/searchProduct.php(15): PDOStatement->execute(Array)
#1 {main}
  thrown in /home/ubuntu/workspace/cst336/final-project/searchProduct.php on line 15
[03-Dec-2018 21:04:24 UTC] PHP Parse error:  syntax error, unexpected ':' in /home/ubuntu/workspace/cst336/final-project/searchProduct.php on line 9
[03-Dec-2018 21:05:42 UTC] PHP Fatal error:  Uncaught exception 'PDOException' with message 'SQLSTATE[42000]: Syntax error or access violation: 1064 You have an error in your SQL syntax; check the manual that corresponds to your MySQL server version for the right syntax to use near '%'lenovo'%' at line 1' in /home/ubuntu/workspace/cst336/final-project/searchProduct.php:15
Stack trace:
#0 /home/ubuntu/workspace/cst336/final-project/searchProduct.php(15): PDOStatement->execute(Array)
#1 {main}
  thrown in /home/ubuntu/workspace/cst336/final-project/searchProduct.php on line 15
[03-Dec-2018 21:06:36 UTC] PHP Fatal error:  Call to undefined function alert() in /home/ubuntu/workspace/cst336/final-project/searchProduct.php on line 10
[03-Dec-2018 21:06:36 UTC] PHP Stack trace:
[03-Dec-2018 21:06:36 UTC] PHP   1. {main}() /home/ubuntu/workspace/cst336/final-project/searchProduct.php:0
[03-Dec-2018 23:29:03 UTC] PHP Fatal error:  Uncaught exception 'PDOException' with message 'SQLSTATE[42000]: Syntax error or access violation: 1064 You have an error in your SQL syntax; check the manual that corresponds to your MySQL server version for the right syntax to use near 'SORT BY ASC' at line 1' in /home/ubuntu/workspace/cst336/final-project/searchProduct.php:17
Stack trace:
#0 /home/ubuntu/workspace/cst336/final-project/searchProduct.php(17): PDOStatement->execute(Array)
#1 {main}
  thrown in /home/ubuntu/workspace/cst336/final-project/searchProduct.php on line 17
[03-Dec-2018 23:29:04 UTC] PHP Fatal error:  Uncaught exception 'PDOException' with message 'SQLSTATE[42000]: Syntax error or access violation: 1064 You have an error in your SQL syntax; check the manual that corresponds to your MySQL server version for the right syntax to use near 'SORT BY ASC' at line 1' in /home/ubuntu/workspace/cst336/final-project/searchProduct.php:17
Stack trace:
#0 /home/ubuntu/workspace/cst336/final-project/searchProduct.php(17): PDOStatement->execute(Array)
#1 {main}
  thrown in /home/ubuntu/workspace/cst336/final-project/searchProduct.php on line 17
[03-Dec-2018 23:29:06 UTC] PHP Fatal error:  Uncaught exception 'PDOException' with message 'SQLSTATE[42000]: Syntax error or access violation: 1064 You have an error in your SQL syntax; check the manual that corresponds to your MySQL server version for the right syntax to use near 'SORT BY ASC' at line 1' in /home/ubuntu/workspace/cst336/final-project/searchProduct.php:17
Stack trace:
#0 /home/ubuntu/workspace/cst336/final-project/searchProduct.php(17): PDOStatement->execute(Array)
#1 {main}
  thrown in /home/ubuntu/workspace/cst336/final-project/searchProduct.php on line 17
[03-Dec-2018 23:29:08 UTC] PHP Fatal error:  Uncaught exception 'PDOException' with message 'SQLSTATE[42000]: Syntax error or access violation: 1064 You have an error in your SQL syntax; check the manual that corresponds to your MySQL server version for the right syntax to use near 'SORT BY ASC' at line 1' in /home/ubuntu/workspace/cst336/final-project/searchProduct.php:17
Stack trace:
#0 /home/ubuntu/workspace/cst336/final-project/searchProduct.php(17): PDOStatement->execute(Array)
#1 {main}
  thrown in /home/ubuntu/workspace/cst336/final-project/searchProduct.php on line 17
[03-Dec-2018 23:29:42 UTC] PHP Fatal error:  Uncaught exception 'PDOException' with message 'SQLSTATE[42000]: Syntax error or access violation: 1064 You have an error in your SQL syntax; check the manual that corresponds to your MySQL server version for the right syntax to use near 'ASC' at line 1' in /home/ubuntu/workspace/cst336/final-project/searchProduct.php:17
Stack trace:
#0 /home/ubuntu/workspace/cst336/final-project/searchProduct.php(17): PDOStatement->execute(Array)
#1 {main}
  thrown in /home/ubuntu/workspace/cst336/final-project/searchProduct.php on line 17
[03-Dec-2018 23:29:43 UTC] PHP Fatal error:  Uncaught exception 'PDOException' with message 'SQLSTATE[42000]: Syntax error or access violation: 1064 You have an error in your SQL syntax; check the manual that corresponds to your MySQL server version for the right syntax to use near 'ASC' at line 1' in /home/ubuntu/workspace/cst336/final-project/searchProduct.php:17
Stack trace:
#0 /home/ubuntu/workspace/cst336/final-project/searchProduct.php(17): PDOStatement->execute(Array)
#1 {main}
  thrown in /home/ubuntu/workspace/cst336/final-project/searchProduct.php on line 17
[04-Dec-2018 17:33:42 UTC] PHP Fatal error:  Uncaught exception 'PDOException' with message 'SQLSTATE[HY093]: Invalid parameter number: number of bound variables does not match number of tokens' in /home/ubuntu/workspace/cst336/final-project/searchProduct.php:21
Stack trace:
#0 /home/ubuntu/workspace/cst336/final-project/searchProduct.php(21): PDOStatement->execute(Array)
#1 {main}
  thrown in /home/ubuntu/workspace/cst336/final-project/searchProduct.php on line 21
[04-Dec-2018 17:33:49 UTC] PHP Fatal error:  Uncaught exception 'PDOException' with message 'SQLSTATE[HY093]: Invalid parameter number: number of bound variables does not match number of tokens' in /home/ubuntu/workspace/cst336/final-project/searchProduct.php:21
Stack trace:
#0 /home/ubuntu/workspace/cst336/final-project/searchProduct.php(21): PDOStatement->execute(Array)
#1 {main}
  thrown in /home/ubuntu/workspace/cst336/final-project/searchProduct.php on line 21
[04-Dec-2018 17:33:58 UTC] PHP Fatal error:  Uncaught exception 'PDOException' with message 'SQLSTATE[HY093]: Invalid parameter number: number of bound variables does not match number of tokens' in /home/ubuntu/workspace/cst336/final-project/searchProduct.php:21
Stack trace:
#0 /home/ubuntu/workspace/cst336/final-project/searchProduct.php(21): PDOStatement->execute(Array)
#1 {main}
  thrown in /home/ubuntu/workspace/cst336/final-project/searchProduct.php on line 21
[04-Dec-2018 17:33:58 UTC] PHP Fatal error:  Uncaught exception 'PDOException' with message 'SQLSTATE[HY093]: Invalid parameter number: number of bound variables does not match number of tokens' in /home/ubuntu/workspace/cst336/final-project/searchProduct.php:21
Stack trace:
#0 /home/ubuntu/workspace/cst336/final-project/searchProduct.php(21): PDOStatement->execute(Array)
#1 {main}
  thrown in /home/ubuntu/workspace/cst336/final-project/searchProduct.php on line 21
[04-Dec-2018 17:33:58 UTC] PHP Fatal error:  Uncaught exception 'PDOException' with message 'SQLSTATE[HY093]: Invalid parameter number: number of bound variables does not match number of tokens' in /home/ubuntu/workspace/cst336/final-project/searchProduct.php:21
Stack trace:
#0 /home/ubuntu/workspace/cst336/final-project/searchProduct.php(21): PDOStatement->execute(Array)
#1 {main}
  thrown in /home/ubuntu/workspace/cst336/final-project/searchProduct.php on line 21
[04-Dec-2018 17:34:05 UTC] PHP Fatal error:  Uncaught exception 'PDOException' with message 'SQLSTATE[HY093]: Invalid parameter number: number of bound variables does not match number of tokens' in /home/ubuntu/workspace/cst336/final-project/searchProduct.php:21
Stack trace:
#0 /home/ubuntu/workspace/cst336/final-project/searchProduct.php(21): PDOStatement->execute(Array)
#1 {main}
  thrown in /home/ubuntu/workspace/cst336/final-project/searchProduct.php on line 21
[04-Dec-2018 17:34:57 UTC] PHP Fatal error:  Uncaught exception 'PDOException' with message 'SQLSTATE[HY093]: Invalid parameter number: number of bound variables does not match number of tokens' in /home/ubuntu/workspace/cst336/final-project/searchProduct.php:21
Stack trace:
#0 /home/ubuntu/workspace/cst336/final-project/searchProduct.php(21): PDOStatement->execute(Array)
#1 {main}
  thrown in /home/ubuntu/workspace/cst336/final-project/searchProduct.php on line 21
[04-Dec-2018 17:34:57 UTC] PHP Fatal error:  Uncaught exception 'PDOException' with message 'SQLSTATE[HY093]: Invalid parameter number: number of bound variables does not match number of tokens' in /home/ubuntu/workspace/cst336/final-project/searchProduct.php:21
Stack trace:
#0 /home/ubuntu/workspace/cst336/final-project/searchProduct.php(21): PDOStatement->execute(Array)
#1 {main}
  thrown in /home/ubuntu/workspace/cst336/final-project/searchProduct.php on line 21
[04-Dec-2018 17:36:39 UTC] PHP Fatal error:  Uncaught exception 'PDOException' with message 'SQLSTATE[HY093]: Invalid parameter number: number of bound variables does not match number of tokens' in /home/ubuntu/workspace/cst336/final-project/searchProduct.php:21
Stack trace:
#0 /home/ubuntu/workspace/cst336/final-project/searchProduct.php(21): PDOStatement->execute(Array)
#1 {main}
  thrown in /home/ubuntu/workspace/cst336/final-project/searchProduct.php on line 21
[04-Dec-2018 17:36:40 UTC] PHP Fatal error:  Uncaught exception 'PDOException' with message 'SQLSTATE[HY093]: Invalid parameter number: number of bound variables does not match number of tokens' in /home/ubuntu/workspace/cst336/final-project/searchProduct.php:21
Stack trace:
#0 /home/ubuntu/workspace/cst336/final-project/searchProduct.php(21): PDOStatement->execute(Array)
#1 {main}
  thrown in /home/ubuntu/workspace/cst336/final-project/searchProduct.php on line 21
[04-Dec-2018 17:37:38 UTC] PHP Fatal error:  Uncaught exception 'PDOException' with message 'SQLSTATE[HY093]: Invalid parameter number: number of bound variables does not match number of tokens' in /home/ubuntu/workspace/cst336/final-project/searchProduct.php:21
Stack trace:
#0 /home/ubuntu/workspace/cst336/final-project/searchProduct.php(21): PDOStatement->execute(Array)
#1 {main}
  thrown in /home/ubuntu/workspace/cst336/final-project/searchProduct.php on line 21
[04-Dec-2018 17:37:38 UTC] PHP Fatal error:  Uncaught exception 'PDOException' with message 'SQLSTATE[HY093]: Invalid parameter number: number of bound variables does not match number of tokens' in /home/ubuntu/workspace/cst336/final-project/searchProduct.php:21
Stack trace:
#0 /home/ubuntu/workspace/cst336/final-project/searchProduct.php(21): PDOStatement->execute(Array)
#1 {main}
  thrown in /home/ubuntu/workspace/cst336/final-project/searchProduct.php on line 21
[04-Dec-2018 17:38:00 UTC] PHP Fatal error:  Uncaught exception 'PDOException' with message 'SQLSTATE[HY093]: Invalid parameter number: number of bound variables does not match number of tokens' in /home/ubuntu/workspace/cst336/final-project/searchProduct.php:21
Stack trace:
#0 /home/ubuntu/workspace/cst336/final-project/searchProduct.php(21): PDOStatement->execute(Array)
#1 {main}
  thrown in /home/ubuntu/workspace/cst336/final-project/searchProduct.php on line 21
[04-Dec-2018 18:20:49 UTC] PHP Fatal error:  Uncaught exception 'PDOException' with message 'SQLSTATE[42000]: Syntax error or access violation: 1064 You have an error in your SQL syntax; check the manual that corresponds to your MySQL server version for the right syntax to use near '0' at line 1' in /home/ubuntu/workspace/cst336/final-project/searchProduct.php:23
Stack trace:
#0 /home/ubuntu/workspace/cst336/final-project/searchProduct.php(23): PDOStatement->execute(Array)
#1 {main}
  thrown in /home/ubuntu/workspace/cst336/final-project/searchProduct.php on line 23
[04-Dec-2018 18:20:54 UTC] PHP Fatal error:  Uncaught exception 'PDOException' with message 'SQLSTATE[HY093]: Invalid parameter number: parameter was not defined' in /home/ubuntu/workspace/cst336/final-project/searchProduct.php:23
Stack trace:
#0 /home/ubuntu/workspace/cst336/final-project/searchProduct.php(23): PDOStatement->execute(Array)
#1 {main}
  thrown in /home/ubuntu/workspace/cst336/final-project/searchProduct.php on line 23
[04-Dec-2018 18:21:17 UTC] PHP Fatal error:  Call to undefined function alert() in /home/ubuntu/workspace/cst336/final-project/searchProduct.php on line 16
[04-Dec-2018 18:21:17 UTC] PHP Stack trace:
[04-Dec-2018 18:21:17 UTC] PHP   1. {main}() /home/ubuntu/workspace/cst336/final-project/searchProduct.php:0
[04-Dec-2018 18:21:33 UTC] PHP Fatal error:  Uncaught exception 'PDOException' with message 'SQLSTATE[HY093]: Invalid parameter number: parameter was not defined' in /home/ubuntu/workspace/cst336/final-project/searchProduct.php:24
Stack trace:
#0 /home/ubuntu/workspace/cst336/final-project/searchProduct.php(24): PDOStatement->execute(Array)
#1 {main}
  thrown in /home/ubuntu/workspace/cst336/final-project/searchProduct.php on line 24
[04-Dec-2018 18:28:19 UTC] PHP Fatal error:  Uncaught exception 'PDOException' with message 'SQLSTATE[HY093]: Invalid parameter number: number of bound variables does not match number of tokens' in /home/ubuntu/workspace/cst336/final-project/searchProduct.php:30
Stack trace:
#0 /home/ubuntu/workspace/cst336/final-project/searchProduct.php(30): PDOStatement->execute(Array)
#1 {main}
  thrown in /home/ubuntu/workspace/cst336/final-project/searchProduct.php on line 30
[04-Dec-2018 18:29:40 UTC] PHP Fatal error:  Uncaught exception 'PDOException' with message 'SQLSTATE[HY093]: Invalid parameter number: number of bound variables does not match number of tokens' in /home/ubuntu/workspace/cst336/final-project/searchProduct.php:30
Stack trace:
#0 /home/ubuntu/workspace/cst336/final-project/searchProduct.php(30): PDOStatement->execute(Array)
#1 {main}
  thrown in /home/ubuntu/workspace/cst336/final-project/searchProduct.php on line 30
[07-Dec-2018 20:52:35 UTC] PHP Fatal error:  Cannot redeclare startConnection() (previously declared in /home/ubuntu/workspace/cst336/inc/dbConnection.php:3) in /home/ubuntu/workspace/cst336/inc/dbConnection.php on line 3
[07-Dec-2018 20:52:35 UTC] PHP Stack trace:
[07-Dec-2018 20:52:35 UTC] PHP   1. {main}() /home/ubuntu/workspace/cst336/final-project/index.php:0
[07-Dec-2018 20:52:41 UTC] PHP Fatal error:  Cannot redeclare startConnection() (previously declared in /home/ubuntu/workspace/cst336/inc/dbConnection.php:3) in /home/ubuntu/workspace/cst336/inc/dbConnection.php on line 3
[07-Dec-2018 20:52:41 UTC] PHP Stack trace:
[07-Dec-2018 20:52:41 UTC] PHP   1. {main}() /home/ubuntu/workspace/cst336/final-project/admin.php:0
[07-Dec-2018 21:18:48 UTC] PHP Fatal error:  Cannot redeclare startConnection() (previously declared in /home/ubuntu/workspace/cst336/inc/dbConnection.php:3) in /home/ubuntu/workspace/cst336/inc/dbConnection.php on line 3
[07-Dec-2018 21:18:48 UTC] PHP Stack trace:
[07-Dec-2018 21:18:48 UTC] PHP   1. {main}() /home/ubuntu/workspace/cst336/final-project/index.php:0
[07-Dec-2018 21:25:05 UTC] PHP Fatal error:  Cannot redeclare startConnection() (previously declared in /home/ubuntu/workspace/cst336/inc/dbConnection.php:3) in /home/ubuntu/workspace/cst336/inc/dbConnection.php on line 3
[07-Dec-2018 21:25:05 UTC] PHP Stack trace:
[07-Dec-2018 21:25:05 UTC] PHP   1. {main}() /home/ubuntu/workspace/cst336/final-project/index.php:0
[07-Dec-2018 21:28:27 UTC] PHP Fatal error:  Cannot redeclare startConnection() (previously declared in /home/ubuntu/workspace/cst336/inc/dbConnection.php:3) in /home/ubuntu/workspace/cst336/inc/dbConnection.php on line 3
[07-Dec-2018 21:28:27 UTC] PHP Stack trace:
[07-Dec-2018 21:28:27 UTC] PHP   1. {main}() /home/ubuntu/workspace/cst336/final-project/admin.php:0
[07-Dec-2018 21:50:08 UTC] PHP Fatal error:  Cannot redeclare startConnection() (previously declared in /home/ubuntu/workspace/cst336/inc/dbConnection.php:3) in /home/ubuntu/workspace/cst336/inc/dbConnection.php on line 3
[07-Dec-2018 21:50:08 UTC] PHP Stack trace:
[07-Dec-2018 21:50:08 UTC] PHP   1. {main}() /home/ubuntu/workspace/cst336/final-project/admin.php:0
[07-Dec-2018 21:54:15 UTC] PHP Fatal error:  Cannot redeclare startConnection() (previously declared in /home/ubuntu/workspace/cst336/inc/dbConnection.php:3) in /home/ubuntu/workspace/cst336/inc/dbConnection.php on line 3
[07-Dec-2018 21:54:15 UTC] PHP Stack trace:
[07-Dec-2018 21:54:15 UTC] PHP   1. {main}() /home/ubuntu/workspace/cst336/final-project/admin.php:0
[07-Dec-2018 21:54:29 UTC] PHP Fatal error:  Cannot redeclare startConnection() (previously declared in /home/ubuntu/workspace/cst336/inc/dbConnection.php:3) in /home/ubuntu/workspace/cst336/inc/dbConnection.php on line 3
[07-Dec-2018 21:54:29 UTC] PHP Stack trace:
[07-Dec-2018 21:54:29 UTC] PHP   1. {main}() /home/ubuntu/workspace/cst336/final-project/admin.php:0
[07-Dec-2018 22:52:19 UTC] PHP Fatal error:  Cannot redeclare startConnection() (previously declared in /home/ubuntu/workspace/cst336/inc/dbConnection.php:3) in /home/ubuntu/workspace/cst336/inc/dbConnection.php on line 3
[07-Dec-2018 22:52:19 UTC] PHP Stack trace:
[07-Dec-2018 22:52:19 UTC] PHP   1. {main}() /home/ubuntu/workspace/cst336/final-project/admin.php:0
[07-Dec-2018 23:04:34 UTC] PHP Fatal error:  Cannot redeclare startConnection() (previously declared in /home/ubuntu/workspace/cst336/inc/dbConnection.php:3) in /home/ubuntu/workspace/cst336/inc/dbConnection.php on line 3
[07-Dec-2018 23:04:34 UTC] PHP Stack trace:
[07-Dec-2018 23:04:34 UTC] PHP   1. {main}() /home/ubuntu/workspace/cst336/final-project/index.php:0
[07-Dec-2018 23:42:41 UTC] PHP Fatal error:  Cannot redeclare startConnection() (previously declared in /home/ubuntu/workspace/cst336/inc/dbConnection.php:3) in /home/ubuntu/workspace/cst336/inc/dbConnection.php on line 3
[07-Dec-2018 23:42:41 UTC] PHP Stack trace:
[07-Dec-2018 23:42:41 UTC] PHP   1. {main}() /home/ubuntu/workspace/cst336/final-project/index.php:0
[08-Dec-2018 00:05:31 UTC] PHP Fatal error:  Cannot redeclare startConnection() (previously declared in /home/ubuntu/workspace/cst336/inc/dbConnection.php:3) in /home/ubuntu/workspace/cst336/inc/dbConnection.php on line 3
[08-Dec-2018 00:05:31 UTC] PHP Stack trace:
[08-Dec-2018 00:05:31 UTC] PHP   1. {main}() /home/ubuntu/workspace/cst336/final-project/index.php:0
[08-Dec-2018 00:06:22 UTC] PHP Fatal error:  Cannot redeclare startConnection() (previously declared in /home/ubuntu/workspace/cst336/inc/dbConnection.php:3) in /home/ubuntu/workspace/cst336/inc/dbConnection.php on line 3
[08-Dec-2018 00:06:22 UTC] PHP Stack trace:
[08-Dec-2018 00:06:22 UTC] PHP   1. {main}() /home/ubuntu/workspace/cst336/final-project/index.php:0
