[10-Sep-2018 21:29:11 UTC] PHP Parse error:  syntax error, unexpected 'img' (T_STRING), expecting ',' or ';' in /home/ubuntu/workspace/cst336/labs/lab2/index.php on line 10
[10-Sep-2018 21:44:13 UTC] PHP Parse error:  syntax error, unexpected 'echo' (T_ECHO) in /home/ubuntu/workspace/cst336/labs/lab2/index.php on line 13
[10-Sep-2018 22:11:40 UTC] PHP Parse error:  syntax error, unexpected '>' in /home/ubuntu/workspace/cst336/labs/lab2/index.php on line 48
[10-Sep-2018 22:11:41 UTC] PHP Parse error:  syntax error, unexpected '>' in /home/ubuntu/workspace/cst336/labs/lab2/index.php on line 48
[10-Sep-2018 22:11:49 UTC] PHP Parse error:  syntax error, unexpected '$random_value' (T_VARIABLE), expecting ',' or ';' in /home/ubuntu/workspace/cst336/labs/lab2/index.php on line 48
[17-Sep-2018 21:26:05 UTC] PHP Parse error:  syntax error, unexpected '<' in /home/ubuntu/workspace/cst336/labs/lab2/index.php on line 71
[17-Sep-2018 21:34:16 UTC] PHP Fatal error:  Call to undefined function printArray() in /home/ubuntu/workspace/cst336/labs/lab3/arrays.php on line 25
[17-Sep-2018 21:34:16 UTC] PHP Stack trace:
[17-Sep-2018 21:34:16 UTC] PHP   1. {main}() /home/ubuntu/workspace/cst336/labs/lab3/arrays.php:0
[17-Sep-2018 21:34:17 UTC] PHP Fatal error:  Call to undefined function printArray() in /home/ubuntu/workspace/cst336/labs/lab3/arrays.php on line 25
[17-Sep-2018 21:34:17 UTC] PHP Stack trace:
[17-Sep-2018 21:34:17 UTC] PHP   1. {main}() /home/ubuntu/workspace/cst336/labs/lab3/arrays.php:0
[17-Sep-2018 22:39:16 UTC] PHP Fatal error:  Cannot redeclare generateRandom() (previously declared in /home/ubuntu/workspace/cst336/labs/lab2/inc/functions.php:2) in /home/ubuntu/workspace/cst336/labs/lab2/inc/functions.php on line 2
[17-Sep-2018 22:39:16 UTC] PHP Stack trace:
[17-Sep-2018 22:39:16 UTC] PHP   1. {main}() /home/ubuntu/workspace/cst336/labs/lab2/index.php:0
[17-Sep-2018 22:39:17 UTC] PHP Fatal error:  Cannot redeclare generateRandom() (previously declared in /home/ubuntu/workspace/cst336/labs/lab2/inc/functions.php:2) in /home/ubuntu/workspace/cst336/labs/lab2/inc/functions.php on line 2
[17-Sep-2018 22:39:17 UTC] PHP Stack trace:
[17-Sep-2018 22:39:17 UTC] PHP   1. {main}() /home/ubuntu/workspace/cst336/labs/lab2/index.php:0
[17-Sep-2018 22:39:17 UTC] PHP Fatal error:  Cannot redeclare generateRandom() (previously declared in /home/ubuntu/workspace/cst336/labs/lab2/inc/functions.php:2) in /home/ubuntu/workspace/cst336/labs/lab2/inc/functions.php on line 2
[17-Sep-2018 22:39:17 UTC] PHP Stack trace:
[17-Sep-2018 22:39:17 UTC] PHP   1. {main}() /home/ubuntu/workspace/cst336/labs/lab2/index.php:0
[17-Sep-2018 22:39:17 UTC] PHP Fatal error:  Cannot redeclare generateRandom() (previously declared in /home/ubuntu/workspace/cst336/labs/lab2/inc/functions.php:2) in /home/ubuntu/workspace/cst336/labs/lab2/inc/functions.php on line 2
[17-Sep-2018 22:39:17 UTC] PHP Stack trace:
[17-Sep-2018 22:39:17 UTC] PHP   1. {main}() /home/ubuntu/workspace/cst336/labs/lab2/index.php:0
[17-Sep-2018 22:39:18 UTC] PHP Fatal error:  Cannot redeclare generateRandom() (previously declared in /home/ubuntu/workspace/cst336/labs/lab2/inc/functions.php:2) in /home/ubuntu/workspace/cst336/labs/lab2/inc/functions.php on line 2
[17-Sep-2018 22:39:18 UTC] PHP Stack trace:
[17-Sep-2018 22:39:18 UTC] PHP   1. {main}() /home/ubuntu/workspace/cst336/labs/lab2/index.php:0
[17-Sep-2018 22:39:18 UTC] PHP Fatal error:  Cannot redeclare generateRandom() (previously declared in /home/ubuntu/workspace/cst336/labs/lab2/inc/functions.php:2) in /home/ubuntu/workspace/cst336/labs/lab2/inc/functions.php on line 2
[17-Sep-2018 22:39:18 UTC] PHP Stack trace:
[17-Sep-2018 22:39:18 UTC] PHP   1. {main}() /home/ubuntu/workspace/cst336/labs/lab2/index.php:0
[20-Sep-2018 17:47:14 UTC] PHP Parse error:  syntax error, unexpected '=', expecting ',' or ';' in /home/ubuntu/workspace/cst336/labs/lab2/inc/functions.php on line 23
[20-Sep-2018 17:47:14 UTC] PHP Stack trace:
[20-Sep-2018 17:47:14 UTC] PHP   1. {main}() /home/ubuntu/workspace/cst336/labs/lab2/index.php:0
[20-Sep-2018 18:37:21 UTC] PHP Fatal error:  Call to undefined function displayPoints() in /home/ubuntu/workspace/cst336/labs/lab2/index.php on line 16
[20-Sep-2018 18:37:21 UTC] PHP Stack trace:
[20-Sep-2018 18:37:21 UTC] PHP   1. {main}() /home/ubuntu/workspace/cst336/labs/lab2/index.php:0
[20-Sep-2018 18:40:18 UTC] PHP Fatal error:  Call to undefined function printResults() in /home/ubuntu/workspace/cst336/labs/lab2/index.php on line 16
[20-Sep-2018 18:40:18 UTC] PHP Stack trace:
[20-Sep-2018 18:40:18 UTC] PHP   1. {main}() /home/ubuntu/workspace/cst336/labs/lab2/index.php:0
[20-Sep-2018 18:40:18 UTC] PHP Fatal error:  Call to undefined function printResults() in /home/ubuntu/workspace/cst336/labs/lab2/index.php on line 16
[20-Sep-2018 18:40:18 UTC] PHP Stack trace:
[20-Sep-2018 18:40:18 UTC] PHP   1. {main}() /home/ubuntu/workspace/cst336/labs/lab2/index.php:0
[20-Sep-2018 18:40:18 UTC] PHP Fatal error:  Call to undefined function printResults() in /home/ubuntu/workspace/cst336/labs/lab2/index.php on line 16
[20-Sep-2018 18:40:19 UTC] PHP Stack trace:
[20-Sep-2018 18:40:19 UTC] PHP   1. {main}() /home/ubuntu/workspace/cst336/labs/lab2/index.php:0
[20-Sep-2018 18:40:19 UTC] PHP Fatal error:  Call to undefined function printResults() in /home/ubuntu/workspace/cst336/labs/lab2/index.php on line 16
[20-Sep-2018 18:40:19 UTC] PHP Stack trace:
[20-Sep-2018 18:40:19 UTC] PHP   1. {main}() /home/ubuntu/workspace/cst336/labs/lab2/index.php:0
[20-Sep-2018 18:40:19 UTC] PHP Fatal error:  Call to undefined function printResults() in /home/ubuntu/workspace/cst336/labs/lab2/index.php on line 16
[20-Sep-2018 18:40:19 UTC] PHP Stack trace:
[20-Sep-2018 18:40:19 UTC] PHP   1. {main}() /home/ubuntu/workspace/cst336/labs/lab2/index.php:0
[20-Sep-2018 18:40:19 UTC] PHP Fatal error:  Call to undefined function printResults() in /home/ubuntu/workspace/cst336/labs/lab2/index.php on line 16
[20-Sep-2018 18:40:19 UTC] PHP Stack trace:
[20-Sep-2018 18:40:19 UTC] PHP   1. {main}() /home/ubuntu/workspace/cst336/labs/lab2/index.php:0
[20-Sep-2018 18:50:08 UTC] PHP Fatal error:  Call to undefined function printResults() in /home/ubuntu/workspace/cst336/labs/lab2/index.php on line 16
[20-Sep-2018 18:50:08 UTC] PHP Stack trace:
[20-Sep-2018 18:50:08 UTC] PHP   1. {main}() /home/ubuntu/workspace/cst336/labs/lab2/index.php:0
[20-Sep-2018 18:50:53 UTC] PHP Fatal error:  Call to undefined function printResults() in /home/ubuntu/workspace/cst336/labs/lab2/index.php on line 16
[20-Sep-2018 18:50:53 UTC] PHP Stack trace:
[20-Sep-2018 18:50:53 UTC] PHP   1. {main}() /home/ubuntu/workspace/cst336/labs/lab2/index.php:0
[20-Sep-2018 18:51:38 UTC] PHP Fatal error:  Cannot redeclare generateRandom() (previously declared in /home/ubuntu/workspace/cst336/labs/lab2/inc/functions.php:5) in /home/ubuntu/workspace/cst336/labs/lab2/inc/functions.php on line 5
[20-Sep-2018 18:51:38 UTC] PHP Stack trace:
[20-Sep-2018 18:51:38 UTC] PHP   1. {main}() /home/ubuntu/workspace/cst336/labs/lab2/index.php:0
[20-Sep-2018 18:54:13 UTC] PHP Parse error:  syntax error, unexpected '"Sorry, you lose! Try Again!"' (T_CONSTANT_ENCAPSED_STRING) in /home/ubuntu/workspace/cst336/labs/lab2/inc/functions.php on line 58
[20-Sep-2018 18:54:13 UTC] PHP Stack trace:
[20-Sep-2018 18:54:13 UTC] PHP   1. {main}() /home/ubuntu/workspace/cst336/labs/lab2/index.php:0
[26-Sep-2018 22:21:35 UTC] PHP Parse error:  syntax error, unexpected 'echo' (T_ECHO) in /home/ubuntu/workspace/cst336/labs/lab4/index.php on line 4
[26-Sep-2018 22:21:52 UTC] PHP Parse error:  syntax error, unexpected 'echo' (T_ECHO) in /home/ubuntu/workspace/cst336/labs/lab4/index.php on line 4
[26-Sep-2018 22:21:53 UTC] PHP Parse error:  syntax error, unexpected 'echo' (T_ECHO) in /home/ubuntu/workspace/cst336/labs/lab4/index.php on line 4
[01-Oct-2018 21:55:20 UTC] PHP Parse error:  syntax error, unexpected '$i' (T_VARIABLE), expecting ',' or ';' in /home/ubuntu/workspace/cst336/labs/lab4/index.php on line 55
[01-Oct-2018 21:59:17 UTC] PHP Parse error:  syntax error, unexpected '$i' (T_VARIABLE), expecting ',' or ';' in /home/ubuntu/workspace/cst336/labs/lab4/index.php on line 56
[01-Oct-2018 21:59:18 UTC] PHP Parse error:  syntax error, unexpected '$i' (T_VARIABLE), expecting ',' or ';' in /home/ubuntu/workspace/cst336/labs/lab4/index.php on line 56
[03-Oct-2018 21:27:06 UTC] PHP Parse error:  syntax error, unexpected '}', expecting ',' or ';' in /home/ubuntu/workspace/cst336/labs/lab4/index.php on line 69
[03-Oct-2018 21:28:30 UTC] PHP Fatal error:  Maximum execution time of 300 seconds exceeded in /home/ubuntu/workspace/cst336/labs/lab4/index.php on line 101
[03-Oct-2018 21:28:30 UTC] PHP Stack trace:
[03-Oct-2018 21:28:30 UTC] PHP   1. {main}() /home/ubuntu/workspace/cst336/labs/lab4/index.php:0
[03-Oct-2018 21:28:30 UTC] PHP   2. array_rand() /home/ubuntu/workspace/cst336/labs/lab4/index.php:101
[10-Oct-2018 22:02:27 UTC] PHP Fatal error:  Call to a member function prepare() on a non-object in /home/ubuntu/workspace/cst336/labs/lab6/index.php on line 14
[10-Oct-2018 22:02:27 UTC] PHP Stack trace:
[10-Oct-2018 22:02:27 UTC] PHP   1. {main}() /home/ubuntu/workspace/cst336/labs/lab6/index.php:0
[10-Oct-2018 22:02:27 UTC] PHP   2. displayCategories() /home/ubuntu/workspace/cst336/labs/lab6/index.php:10
[10-Oct-2018 22:11:05 UTC] PHP Fatal error:  Call to a member function prepare() on a non-object in /home/ubuntu/workspace/cst336/labs/lab6/index.php on line 6
[10-Oct-2018 22:11:05 UTC] PHP Stack trace:
[10-Oct-2018 22:11:05 UTC] PHP   1. {main}() /home/ubuntu/workspace/cst336/labs/lab6/index.php:0
[10-Oct-2018 22:11:05 UTC] PHP   2. displayCategories() /home/ubuntu/workspace/cst336/labs/lab6/index.php:27
[10-Oct-2018 22:17:57 UTC] PHP Parse error:  syntax error, unexpected '$record' (T_VARIABLE), expecting ',' or ';' in /home/ubuntu/workspace/cst336/labs/lab6/index.php on line 14
[10-Oct-2018 22:25:40 UTC] PHP Parse error:  syntax error, unexpected 'echo' (T_ECHO) in /home/ubuntu/workspace/cst336/labs/lab6/index.php on line 47
[10-Oct-2018 22:26:45 UTC] PHP Parse error:  syntax error, unexpected 'echo' (T_ECHO) in /home/ubuntu/workspace/cst336/labs/lab6/index.php on line 51
[10-Oct-2018 22:40:32 UTC] PHP Fatal error:  Uncaught exception 'PDOException' with message 'SQLSTATE[HY093]: Invalid parameter number: no parameters were bound' in /home/ubuntu/workspace/cst336/labs/lab6/index.php:26
Stack trace:
#0 /home/ubuntu/workspace/cst336/labs/lab6/index.php(26): PDOStatement->execute()
#1 /home/ubuntu/workspace/cst336/labs/lab6/index.php(55): filterProducts()
#2 {main}
  thrown in /home/ubuntu/workspace/cst336/labs/lab6/index.php on line 26
[10-Oct-2018 22:40:37 UTC] PHP Fatal error:  Uncaught exception 'PDOException' with message 'SQLSTATE[HY093]: Invalid parameter number: no parameters were bound' in /home/ubuntu/workspace/cst336/labs/lab6/index.php:26
Stack trace:
#0 /home/ubuntu/workspace/cst336/labs/lab6/index.php(26): PDOStatement->execute()
#1 /home/ubuntu/workspace/cst336/labs/lab6/index.php(55): filterProducts()
#2 {main}
  thrown in /home/ubuntu/workspace/cst336/labs/lab6/index.php on line 26
